#
# There is insufficient memory for the Java Runtime Environment to continue.
# Native memory allocation (mmap) failed to map 65536 bytes for Failed to commit metaspace.
# Possible reasons:
#   The system is out of physical RAM or swap space
#   The process is running with CompressedOops enabled, and the Java Heap may be blocking the growth of the native heap
# Possible solutions:
#   Reduce memory load on the system
#   Increase physical memory or swap space
#   Check if swap backing store is full
#   Decrease Java heap size (-Xmx/-Xms)
#   Decrease number of Java threads
#   Decrease Java thread stack sizes (-Xss)
#   Set larger code cache with -XX:ReservedCodeCacheSize=
#   JVM is running with Unscaled Compressed Oops mode in which the Java heap is
#     placed in the first 4GB address space. The Java Heap base address is the
#     maximum limit for the native heap growth. Please use -XX:HeapBaseMinAddress
#     to set the Java Heap base and to place the Java Heap above 4GB virtual address.
# This output file may be truncated or incomplete.
#
#  Out of Memory Error (virtualSpaceNode.cpp:110), pid=14600, tid=5008
#
# JRE version: OpenJDK Runtime Environment Temurin-17.0.2+8 (17.0.2+8) (build 17.0.2+8)
# Java VM: OpenJDK 64-Bit Server VM Temurin-17.0.2+8 (17.0.2+8, mixed mode, tiered, compressed oops, compressed class ptrs, g1 gc, windows-amd64)
# No core dump will be written. Minidumps are not enabled by default on client versions of Windows
#

---------------  S U M M A R Y ------------

Command Line: -Dfile.encoding=windows-1252 -XX:+ShowCodeDetailsInExceptionMessages Basics.LaunchChromeBrowser

Host: Intel(R) Core(TM) i5-10210U CPU @ 1.60GHz, 8 cores, 7G,  Windows 11 , 64 bit Build 22621 (10.0.22621.1778)
Time: Sat Jun 10 01:32:20 2023 India Standard Time elapsed time: 1.479665 seconds (0d 0h 0m 1s)

---------------  T H R E A D  ---------------

Current thread (0x000002e723a1be40):  JavaThread "main" [_thread_in_vm, id=5008, stack(0x000000f883a00000,0x000000f883b00000)]

Stack: [0x000000f883a00000,0x000000f883b00000]
Native frames: (J=compiled Java code, j=interpreted, Vv=VM code, C=native code)
V  [jvm.dll+0x67564a]
V  [jvm.dll+0x82fc04]
V  [jvm.dll+0x8313ae]
V  [jvm.dll+0x831a13]
V  [jvm.dll+0x245235]
V  [jvm.dll+0x82bbab]
V  [jvm.dll+0x61a336]
V  [jvm.dll+0x1c016e]
V  [jvm.dll+0x61cc81]
V  [jvm.dll+0x61acd6]
V  [jvm.dll+0x36b092]
V  [jvm.dll+0x1e1b4b]
V  [jvm.dll+0x53b709]
V  [jvm.dll+0x7aad88]
V  [jvm.dll+0x7aae74]
V  [jvm.dll+0x40c2f5]
V  [jvm.dll+0x4124e8]
C  [java.dll+0x17ec]

Java frames: (J=compiled Java code, j=interpreted, Vv=VM code)
J 729  java.lang.ClassLoader.defineClass1(Ljava/lang/ClassLoader;Ljava/lang/String;[BIILjava/security/ProtectionDomain;Ljava/lang/String;)Ljava/lang/Class; java.base@17.0.2 (0 bytes) @ 0x000002e7303ded5b [0x000002e7303deca0+0x00000000000000bb]
J 1231 c1 java.lang.ClassLoader.defineClass(Ljava/lang/String;[BIILjava/security/ProtectionDomain;)Ljava/lang/Class; java.base@17.0.2 (43 bytes) @ 0x000002e729092044 [0x000002e729091d00+0x0000000000000344]
J 1270 c1 java.security.SecureClassLoader.defineClass(Ljava/lang/String;[BIILjava/security/CodeSource;)Ljava/lang/Class; java.base@17.0.2 (16 bytes) @ 0x000002e7290ac70c [0x000002e7290ac640+0x00000000000000cc]
J 779 c1 jdk.internal.loader.BuiltinClassLoader.defineClass(Ljava/lang/String;Ljdk/internal/loader/Resource;)Ljava/lang/Class; java.base@17.0.2 (121 bytes) @ 0x000002e728fc685c [0x000002e728fc5980+0x0000000000000edc]
J 653 c1 jdk.internal.loader.BuiltinClassLoader.findClassOnClassPathOrNull(Ljava/lang/String;)Ljava/lang/Class; java.base@17.0.2 (64 bytes) @ 0x000002e728f77ba4 [0x000002e728f76b60+0x0000000000001044]
J 543 c1 jdk.internal.loader.BuiltinClassLoader.loadClassOrNull(Ljava/lang/String;Z)Ljava/lang/Class; java.base@17.0.2 (143 bytes) @ 0x000002e728f35284 [0x000002e728f343c0+0x0000000000000ec4]
J 625 c1 jdk.internal.loader.ClassLoaders$AppClassLoader.loadClass(Ljava/lang/String;Z)Ljava/lang/Class; java.base@17.0.2 (40 bytes) @ 0x000002e728f69074 [0x000002e728f68a60+0x0000000000000614]
J 726 c1 java.lang.ClassLoader.loadClass(Ljava/lang/String;)Ljava/lang/Class; java.base@17.0.2 (7 bytes) @ 0x000002e728f9ef3c [0x000002e728f9ee40+0x00000000000000fc]
v  ~StubRoutines::call_stub
J 729  java.lang.ClassLoader.defineClass1(Ljava/lang/ClassLoader;Ljava/lang/String;[BIILjava/security/ProtectionDomain;Ljava/lang/String;)Ljava/lang/Class; java.base@17.0.2 (0 bytes) @ 0x000002e7303ded5b [0x000002e7303deca0+0x00000000000000bb]
J 1231 c1 java.lang.ClassLoader.defineClass(Ljava/lang/String;[BIILjava/security/ProtectionDomain;)Ljava/lang/Class; java.base@17.0.2 (43 bytes) @ 0x000002e729092044 [0x000002e729091d00+0x0000000000000344]
J 1270 c1 java.security.SecureClassLoader.defineClass(Ljava/lang/String;[BIILjava/security/CodeSource;)Ljava/lang/Class; java.base@17.0.2 (16 bytes) @ 0x000002e7290ac70c [0x000002e7290ac640+0x00000000000000cc]
J 779 c1 jdk.internal.loader.BuiltinClassLoader.defineClass(Ljava/lang/String;Ljdk/internal/loader/Resource;)Ljava/lang/Class; java.base@17.0.2 (121 bytes) @ 0x000002e728fc685c [0x000002e728fc5980+0x0000000000000edc]
J 653 c1 jdk.internal.loader.BuiltinClassLoader.findClassOnClassPathOrNull(Ljava/lang/String;)Ljava/lang/Class; java.base@17.0.2 (64 bytes) @ 0x000002e728f77ba4 [0x000002e728f76b60+0x0000000000001044]
J 543 c1 jdk.internal.loader.BuiltinClassLoader.loadClassOrNull(Ljava/lang/String;Z)Ljava/lang/Class; java.base@17.0.2 (143 bytes) @ 0x000002e728f35284 [0x000002e728f343c0+0x0000000000000ec4]
J 625 c1 jdk.internal.loader.ClassLoaders$AppClassLoader.loadClass(Ljava/lang/String;Z)Ljava/lang/Class; java.base@17.0.2 (40 bytes) @ 0x000002e728f69074 [0x000002e728f68a60+0x0000000000000614]
J 726 c1 java.lang.ClassLoader.loadClass(Ljava/lang/String;)Ljava/lang/Class; java.base@17.0.2 (7 bytes) @ 0x000002e728f9ef3c [0x000002e728f9ee40+0x00000000000000fc]
v  ~StubRoutines::call_stub
J 729  java.lang.ClassLoader.defineClass1(Ljava/lang/ClassLoader;Ljava/lang/String;[BIILjava/security/ProtectionDomain;Ljava/lang/String;)Ljava/lang/Class; java.base@17.0.2 (0 bytes) @ 0x000002e7303ded5b [0x000002e7303deca0+0x00000000000000bb]
J 1231 c1 java.lang.ClassLoader.defineClass(Ljava/lang/String;[BIILjava/security/ProtectionDomain;)Ljava/lang/Class; java.base@17.0.2 (43 bytes) @ 0x000002e729092044 [0x000002e729091d00+0x0000000000000344]
J 1270 c1 java.security.SecureClassLoader.defineClass(Ljava/lang/String;[BIILjava/security/CodeSource;)Ljava/lang/Class; java.base@17.0.2 (16 bytes) @ 0x000002e7290ac70c [0x000002e7290ac640+0x00000000000000cc]
J 779 c1 jdk.internal.loader.BuiltinClassLoader.defineClass(Ljava/lang/String;Ljdk/internal/loader/Resource;)Ljava/lang/Class; java.base@17.0.2 (121 bytes) @ 0x000002e728fc685c [0x000002e728fc5980+0x0000000000000edc]
J 653 c1 jdk.internal.loader.BuiltinClassLoader.findClassOnClassPathOrNull(Ljava/lang/String;)Ljava/lang/Class; java.base@17.0.2 (64 bytes) @ 0x000002e728f77ba4 [0x000002e728f76b60+0x0000000000001044]
J 543 c1 jdk.internal.loader.BuiltinClassLoader.loadClassOrNull(Ljava/lang/String;Z)Ljava/lang/Class; java.base@17.0.2 (143 bytes) @ 0x000002e728f35284 [0x000002e728f343c0+0x0000000000000ec4]
J 625 c1 jdk.internal.loader.ClassLoaders$AppClassLoader.loadClass(Ljava/lang/String;Z)Ljava/lang/Class; java.base@17.0.2 (40 bytes) @ 0x000002e728f69074 [0x000002e728f68a60+0x0000000000000614]
J 726 c1 java.lang.ClassLoader.loadClass(Ljava/lang/String;)Ljava/lang/Class; java.base@17.0.2 (7 bytes) @ 0x000002e728f9ef3c [0x000002e728f9ee40+0x00000000000000fc]
v  ~StubRoutines::call_stub
J 729  java.lang.ClassLoader.defineClass1(Ljava/lang/ClassLoader;Ljava/lang/String;[BIILjava/security/ProtectionDomain;Ljava/lang/String;)Ljava/lang/Class; java.base@17.0.2 (0 bytes) @ 0x000002e7303ded5b [0x000002e7303deca0+0x00000000000000bb]
J 1231 c1 java.lang.ClassLoader.defineClass(Ljava/lang/String;[BIILjava/security/ProtectionDomain;)Ljava/lang/Class; java.base@17.0.2 (43 bytes) @ 0x000002e729092044 [0x000002e729091d00+0x0000000000000344]
J 1270 c1 java.security.SecureClassLoader.defineClass(Ljava/lang/String;[BIILjava/security/CodeSource;)Ljava/lang/Class; java.base@17.0.2 (16 bytes) @ 0x000002e7290ac70c [0x000002e7290ac640+0x00000000000000cc]
J 779 c1 jdk.internal.loader.BuiltinClassLoader.defineClass(Ljava/lang/String;Ljdk/internal/loader/Resource;)Ljava/lang/Class; java.base@17.0.2 (121 bytes) @ 0x000002e728fc685c [0x000002e728fc5980+0x0000000000000edc]
J 653 c1 jdk.internal.loader.BuiltinClassLoader.findClassOnClassPathOrNull(Ljava/lang/String;)Ljava/lang/Class; java.base@17.0.2 (64 bytes) @ 0x000002e728f77ba4 [0x000002e728f76b60+0x0000000000001044]
J 543 c1 jdk.internal.loader.BuiltinClassLoader.loadClassOrNull(Ljava/lang/String;Z)Ljava/lang/Class; java.base@17.0.2 (143 bytes) @ 0x000002e728f35284 [0x000002e728f343c0+0x0000000000000ec4]
J 625 c1 jdk.internal.loader.ClassLoaders$AppClassLoader.loadClass(Ljava/lang/String;Z)Ljava/lang/Class; java.base@17.0.2 (40 bytes) @ 0x000002e728f69074 [0x000002e728f68a60+0x0000000000000614]
J 726 c1 java.lang.ClassLoader.loadClass(Ljava/lang/String;)Ljava/lang/Class; java.base@17.0.2 (7 bytes) @ 0x000002e728f9ef3c [0x000002e728f9ee40+0x00000000000000fc]
v  ~StubRoutines::call_stub
j  io.netty.util.concurrent.GlobalEventExecutor.<init>()V+16
j  io.netty.util.concurrent.GlobalEventExecutor.<clinit>()V+52
v  ~StubRoutines::call_stub
j  org.asynchttpclient.netty.channel.ChannelManager.<init>(Lorg/asynchttpclient/AsyncHttpClientConfig;Lio/netty/util/Timer;)V+112
j  org.asynchttpclient.DefaultAsyncHttpClient.<init>(Lorg/asynchttpclient/AsyncHttpClientConfig;)V+89
j  org.asynchttpclient.Dsl.asyncHttpClient(Lorg/asynchttpclient/DefaultAsyncHttpClientConfig$Builder;)Lorg/asynchttpclient/AsyncHttpClient;+8
j  org.openqa.selenium.remote.http.netty.NettyClient.createHttpClient(Lorg/openqa/selenium/remote/http/ClientConfig;)Lorg/asynchttpclient/AsyncHttpClient;+106
j  org.openqa.selenium.remote.http.netty.NettyClient.<clinit>()V+3
v  ~StubRoutines::call_stub
j  org.openqa.selenium.remote.http.netty.NettyClient$Factory.createClient(Lorg/openqa/selenium/remote/http/ClientConfig;)Lorg/openqa/selenium/remote/http/HttpClient;+38
j  org.openqa.selenium.remote.HttpCommandExecutor.<init>(Ljava/util/Map;Lorg/openqa/selenium/remote/http/ClientConfig;Lorg/openqa/selenium/remote/http/HttpClient$Factory;)V+59
j  org.openqa.selenium.remote.HttpCommandExecutor.<init>(Ljava/util/Map;Ljava/net/URL;Lorg/openqa/selenium/remote/http/ClientConfig;)V+18
j  org.openqa.selenium.remote.service.DriverCommandExecutor.<init>(Lorg/openqa/selenium/remote/service/DriverService;Ljava/util/Map;Lorg/openqa/selenium/remote/http/ClientConfig;)V+11
j  org.openqa.selenium.chromium.ChromiumDriverCommandExecutor.<init>(Lorg/openqa/selenium/remote/service/DriverService;Ljava/util/Map;Lorg/openqa/selenium/remote/http/ClientConfig;)V+7
j  org.openqa.selenium.chrome.ChromeDriver$ChromeDriverCommandExecutor.<init>(Lorg/openqa/selenium/remote/service/DriverService;Lorg/openqa/selenium/remote/http/ClientConfig;)V+6
j  org.openqa.selenium.chrome.ChromeDriver.generateExecutor(Lorg/openqa/selenium/chrome/ChromeDriverService;Lorg/openqa/selenium/chrome/ChromeOptions;Lorg/openqa/selenium/remote/http/ClientConfig;)Lorg/openqa/selenium/chrome/ChromeDriver$ChromeDriverCommandExecutor;+45
j  org.openqa.selenium.chrome.ChromeDriver.<init>(Lorg/openqa/selenium/chrome/ChromeDriverService;Lorg/openqa/selenium/chrome/ChromeOptions;Lorg/openqa/selenium/remote/http/ClientConfig;)V+4
j  org.openqa.selenium.chrome.ChromeDriver.<init>(Lorg/openqa/selenium/chrome/ChromeDriverService;Lorg/openqa/selenium/chrome/ChromeOptions;)V+6
j  org.openqa.selenium.chrome.ChromeDriver.<init>()V+11
j  Basics.LaunchChromeBrowser.main([Ljava/lang/String;)V+4
v  ~StubRoutines::call_stub

---------------  P R O C E S S  ---------------

Threads class SMR info:
_java_thread_list=0x000002e73f89d280, length=15, elements={
0x000002e723a1be40, 0x000002e73f85ba10, 0x000002e73f85e5e0, 0x000002e73f8ad330,
0x000002e740423e60, 0x000002e740417c90, 0x000002e740418550, 0x000002e74041c0a0,
0x000002e74041d350, 0x000002e740438a50, 0x000002e73f7ff7d0, 0x000002e73f7ffca0,
0x000002e740d0ef50, 0x000002e740ae7a30, 0x000002e740ae53b0
}

Java Threads: ( => current thread )
=>0x000002e723a1be40 JavaThread "main" [_thread_in_vm, id=5008, stack(0x000000f883a00000,0x000000f883b00000)]
  0x000002e73f85ba10 JavaThread "Reference Handler" daemon [_thread_blocked, id=10856, stack(0x000000f884100000,0x000000f884200000)]
  0x000002e73f85e5e0 JavaThread "Finalizer" daemon [_thread_blocked, id=8028, stack(0x000000f884200000,0x000000f884300000)]
  0x000002e73f8ad330 JavaThread "Signal Dispatcher" daemon [_thread_blocked, id=5692, stack(0x000000f884300000,0x000000f884400000)]
  0x000002e740423e60 JavaThread "Attach Listener" daemon [_thread_blocked, id=6064, stack(0x000000f884400000,0x000000f884500000)]
  0x000002e740417c90 JavaThread "Service Thread" daemon [_thread_blocked, id=14360, stack(0x000000f884500000,0x000000f884600000)]
  0x000002e740418550 JavaThread "Monitor Deflation Thread" daemon [_thread_blocked, id=8212, stack(0x000000f884600000,0x000000f884700000)]
  0x000002e74041c0a0 JavaThread "C2 CompilerThread0" daemon [_thread_blocked, id=4544, stack(0x000000f884700000,0x000000f884800000)]
  0x000002e74041d350 JavaThread "C1 CompilerThread0" daemon [_thread_blocked, id=9124, stack(0x000000f884800000,0x000000f884900000)]
  0x000002e740438a50 JavaThread "Sweeper thread" daemon [_thread_blocked, id=9668, stack(0x000000f884900000,0x000000f884a00000)]
  0x000002e73f7ff7d0 JavaThread "Notification Thread" daemon [_thread_blocked, id=4436, stack(0x000000f884a00000,0x000000f884b00000)]
  0x000002e73f7ffca0 JavaThread "Common-Cleaner" daemon [_thread_blocked, id=18008, stack(0x000000f884c00000,0x000000f884d00000)]
  0x000002e740d0ef50 JavaThread "C2 CompilerThread1" daemon [_thread_blocked, id=1360, stack(0x000000f884d00000,0x000000f884e00000)]
  0x000002e740ae7a30 JavaThread "ForkJoinPool.commonPool-worker-1" daemon [_thread_blocked, id=20404, stack(0x000000f884e00000,0x000000f884f00000)]
  0x000002e740ae53b0 JavaThread "AsyncHttpClient-1-1" daemon [_thread_in_vm, id=12852, stack(0x000000f884f00000,0x000000f885000000)]

Other Threads:
  0x000002e73f88b3f0 VMThread "VM Thread" [stack: 0x000000f884000000,0x000000f884100000] [id=18232]
  0x000002e723a76060 WatcherThread [stack: 0x000000f884b00000,0x000000f884c00000] [id=16004]
  0x000002e723a594f0 GCTaskThread "GC Thread#0" [stack: 0x000000f883b00000,0x000000f883c00000] [id=11248]
  0x000002e740ce6c80 GCTaskThread "GC Thread#1" [stack: 0x000000f885000000,0x000000f885100000] [id=4916]
  0x000002e741c85870 GCTaskThread "GC Thread#2" [stack: 0x000000f885100000,0x000000f885200000] [id=12160]
  0x000002e741d29740 GCTaskThread "GC Thread#3" [stack: 0x000000f885200000,0x000000f885300000] [id=7948]
  0x000002e741c5c9e0 GCTaskThread "GC Thread#4" [stack: 0x000000f885300000,0x000000f885400000] [id=8488]
  0x000002e741c5cc90 GCTaskThread "GC Thread#5" [stack: 0x000000f885400000,0x000000f885500000] [id=19040]
  0x000002e741c5db50 GCTaskThread "GC Thread#6" [stack: 0x000000f885500000,0x000000f885600000] [id=16172]
  0x000002e741c5e010 GCTaskThread "GC Thread#7" [stack: 0x000000f885600000,0x000000f885700000] [id=5308]
  0x000002e723a6b740 ConcurrentGCThread "G1 Main Marker" [stack: 0x000000f883c00000,0x000000f883d00000] [id=19500]
  0x000002e723a6c150 ConcurrentGCThread "G1 Conc#0" [stack: 0x000000f883d00000,0x000000f883e00000] [id=10804]
  0x000002e73f6d00a0 ConcurrentGCThread "G1 Refine#0" [stack: 0x000000f883e00000,0x000000f883f00000] [id=8728]
  0x000002e741c85b20 ConcurrentGCThread "G1 Refine#1" [stack: 0x000000f885700000,0x000000f885800000] [id=10244]
  0x000002e73f6d0ac0 ConcurrentGCThread "G1 Service" [stack: 0x000000f883f00000,0x000000f884000000] [id=3876]

Threads with active compile tasks:

VM state: not at safepoint (normal execution)

VM Mutex/Monitor currently owned by a thread:  ([mutex/lock_event])
[0x000002e723a15fd0] Metaspace_lock - owner thread: 0x000002e723a1be40

Heap address: 0x0000000083000000, size: 2000 MB, Compressed Oops mode: 32-bit

CDS archive(s) not mapped
Compressed class space mapped at: 0x0000000100000000-0x0000000140000000, reserved size: 1073741824
Narrow klass base: 0x0000000000000000, Narrow klass shift: 3, Narrow klass range: 0x140000000

GC Precious Log:
 CPUs: 8 total, 8 available
 Memory: 7995M
 Large Page Support: Disabled
 NUMA Support: Disabled
 Compressed Oops: Enabled (32-bit)
 Heap Region Size: 1M
 Heap Min Capacity: 8M
 Heap Initial Capacity: 126M
 Heap Max Capacity: 2000M
 Pre-touch: Disabled
 Parallel Workers: 8
 Concurrent Workers: 2
 Concurrent Refinement Workers: 8
 Periodic GC: Disabled

Heap:
 garbage-first heap   total 129024K, used 13355K [0x0000000083000000, 0x0000000100000000)
  region size 1024K, 9 young (9216K), 3 survivors (3072K)
 Metaspace       used 17942K, committed 18112K, reserved 1064960K
  class space    used 1818K, committed 1856K, reserved 1048576K

Heap Regions: E=young(eden), S=young(survivor), O=old, HS=humongous(starts), HC=humongous(continues), CS=collection set, F=free, OA=open archive, CA=closed archive, TAMS=top-at-mark-start (previous, next)
|   0|0x0000000083000000, 0x0000000083100000, 0x0000000083100000|100%|HS|  |TAMS 0x0000000083000000, 0x0000000083000000| Complete 
|   1|0x0000000083100000, 0x0000000083200000, 0x0000000083200000|100%|HC|  |TAMS 0x0000000083100000, 0x0000000083100000| Complete 
|   2|0x0000000083200000, 0x0000000083300000, 0x0000000083300000|100%| O|  |TAMS 0x0000000083200000, 0x0000000083200000| Untracked 
|   3|0x0000000083300000, 0x0000000083400000, 0x0000000083400000|100%| O|  |TAMS 0x0000000083300000, 0x0000000083300000| Untracked 
|   4|0x0000000083400000, 0x0000000083500000, 0x0000000083500000|100%| O|  |TAMS 0x0000000083400000, 0x0000000083400000| Untracked 
|   5|0x0000000083500000, 0x000000008350ac00, 0x0000000083600000|  4%| O|  |TAMS 0x0000000083500000, 0x0000000083500000| Untracked 
|   6|0x0000000083600000, 0x0000000083600000, 0x0000000083700000|  0%| F|  |TAMS 0x0000000083600000, 0x0000000083600000| Untracked 
|   7|0x0000000083700000, 0x0000000083700000, 0x0000000083800000|  0%| F|  |TAMS 0x0000000083700000, 0x0000000083700000| Untracked 
|   8|0x0000000083800000, 0x0000000083800000, 0x0000000083900000|  0%| F|  |TAMS 0x0000000083800000, 0x0000000083800000| Untracked 
|   9|0x0000000083900000, 0x0000000083900000, 0x0000000083a00000|  0%| F|  |TAMS 0x0000000083900000, 0x0000000083900000| Untracked 
|  10|0x0000000083a00000, 0x0000000083a00000, 0x0000000083b00000|  0%| F|  |TAMS 0x0000000083a00000, 0x0000000083a00000| Untracked 
|  11|0x0000000083b00000, 0x0000000083b00000, 0x0000000083c00000|  0%| F|  |TAMS 0x0000000083b00000, 0x0000000083b00000| Untracked 
|  12|0x0000000083c00000, 0x0000000083c00000, 0x0000000083d00000|  0%| F|  |TAMS 0x0000000083c00000, 0x0000000083c00000| Untracked 
|  13|0x0000000083d00000, 0x0000000083d00000, 0x0000000083e00000|  0%| F|  |TAMS 0x0000000083d00000, 0x0000000083d00000| Untracked 
|  14|0x0000000083e00000, 0x0000000083e00000, 0x0000000083f00000|  0%| F|  |TAMS 0x0000000083e00000, 0x0000000083e00000| Untracked 
|  15|0x0000000083f00000, 0x0000000083f00000, 0x0000000084000000|  0%| F|  |TAMS 0x0000000083f00000, 0x0000000083f00000| Untracked 
|  16|0x0000000084000000, 0x0000000084000000, 0x0000000084100000|  0%| F|  |TAMS 0x0000000084000000, 0x0000000084000000| Untracked 
|  17|0x0000000084100000, 0x0000000084100000, 0x0000000084200000|  0%| F|  |TAMS 0x0000000084100000, 0x0000000084100000| Untracked 
|  18|0x0000000084200000, 0x0000000084200000, 0x0000000084300000|  0%| F|  |TAMS 0x0000000084200000, 0x0000000084200000| Untracked 
|  19|0x0000000084300000, 0x0000000084300000, 0x0000000084400000|  0%| F|  |TAMS 0x0000000084300000, 0x0000000084300000| Untracked 
|  20|0x0000000084400000, 0x0000000084400000, 0x0000000084500000|  0%| F|  |TAMS 0x0000000084400000, 0x0000000084400000| Untracked 
|  21|0x0000000084500000, 0x0000000084500000, 0x0000000084600000|  0%| F|  |TAMS 0x0000000084500000, 0x0000000084500000| Untracked 
|  22|0x0000000084600000, 0x0000000084600000, 0x0000000084700000|  0%| F|  |TAMS 0x0000000084600000, 0x0000000084600000| Untracked 
|  23|0x0000000084700000, 0x0000000084700000, 0x0000000084800000|  0%| F|  |TAMS 0x0000000084700000, 0x0000000084700000| Untracked 
|  24|0x0000000084800000, 0x0000000084800000, 0x0000000084900000|  0%| F|  |TAMS 0x0000000084800000, 0x0000000084800000| Untracked 
|  25|0x0000000084900000, 0x0000000084900000, 0x0000000084a00000|  0%| F|  |TAMS 0x0000000084900000, 0x0000000084900000| Untracked 
|  26|0x0000000084a00000, 0x0000000084a00000, 0x0000000084b00000|  0%| F|  |TAMS 0x0000000084a00000, 0x0000000084a00000| Untracked 
|  27|0x0000000084b00000, 0x0000000084b00000, 0x0000000084c00000|  0%| F|  |TAMS 0x0000000084b00000, 0x0000000084b00000| Untracked 
|  28|0x0000000084c00000, 0x0000000084c00000, 0x0000000084d00000|  0%| F|  |TAMS 0x0000000084c00000, 0x0000000084c00000| Untracked 
|  29|0x0000000084d00000, 0x0000000084d00000, 0x0000000084e00000|  0%| F|  |TAMS 0x0000000084d00000, 0x0000000084d00000| Untracked 
|  30|0x0000000084e00000, 0x0000000084e00000, 0x0000000084f00000|  0%| F|  |TAMS 0x0000000084e00000, 0x0000000084e00000| Untracked 
|  31|0x0000000084f00000, 0x0000000084f00000, 0x0000000085000000|  0%| F|  |TAMS 0x0000000084f00000, 0x0000000084f00000| Untracked 
|  32|0x0000000085000000, 0x0000000085000000, 0x0000000085100000|  0%| F|  |TAMS 0x0000000085000000, 0x0000000085000000| Untracked 
|  33|0x0000000085100000, 0x0000000085100000, 0x0000000085200000|  0%| F|  |TAMS 0x0000000085100000, 0x0000000085100000| Untracked 
|  34|0x0000000085200000, 0x0000000085200000, 0x0000000085300000|  0%| F|  |TAMS 0x0000000085200000, 0x0000000085200000| Untracked 
|  35|0x0000000085300000, 0x0000000085300000, 0x0000000085400000|  0%| F|  |TAMS 0x0000000085300000, 0x0000000085300000| Untracked 
|  36|0x0000000085400000, 0x0000000085400000, 0x0000000085500000|  0%| F|  |TAMS 0x0000000085400000, 0x0000000085400000| Untracked 
|  37|0x0000000085500000, 0x0000000085500000, 0x0000000085600000|  0%| F|  |TAMS 0x0000000085500000, 0x0000000085500000| Untracked 
|  38|0x0000000085600000, 0x0000000085600000, 0x0000000085700000|  0%| F|  |TAMS 0x0000000085600000, 0x0000000085600000| Untracked 
|  39|0x0000000085700000, 0x0000000085700000, 0x0000000085800000|  0%| F|  |TAMS 0x0000000085700000, 0x0000000085700000| Untracked 
|  40|0x0000000085800000, 0x0000000085800000, 0x0000000085900000|  0%| F|  |TAMS 0x0000000085800000, 0x0000000085800000| Untracked 
|  41|0x0000000085900000, 0x0000000085900000, 0x0000000085a00000|  0%| F|  |TAMS 0x0000000085900000, 0x0000000085900000| Untracked 
|  42|0x0000000085a00000, 0x0000000085a00000, 0x0000000085b00000|  0%| F|  |TAMS 0x0000000085a00000, 0x0000000085a00000| Untracked 
|  43|0x0000000085b00000, 0x0000000085b00000, 0x0000000085c00000|  0%| F|  |TAMS 0x0000000085b00000, 0x0000000085b00000| Untracked 
|  44|0x0000000085c00000, 0x0000000085c00000, 0x0000000085d00000|  0%| F|  |TAMS 0x0000000085c00000, 0x0000000085c00000| Untracked 
|  45|0x0000000085d00000, 0x0000000085d00000, 0x0000000085e00000|  0%| F|  |TAMS 0x0000000085d00000, 0x0000000085d00000| Untracked 
|  46|0x0000000085e00000, 0x0000000085e00000, 0x0000000085f00000|  0%| F|  |TAMS 0x0000000085e00000, 0x0000000085e00000| Untracked 
|  47|0x0000000085f00000, 0x0000000085f00000, 0x0000000086000000|  0%| F|  |TAMS 0x0000000085f00000, 0x0000000085f00000| Untracked 
|  48|0x0000000086000000, 0x0000000086000000, 0x0000000086100000|  0%| F|  |TAMS 0x0000000086000000, 0x0000000086000000| Untracked 
|  49|0x0000000086100000, 0x0000000086100000, 0x0000000086200000|  0%| F|  |TAMS 0x0000000086100000, 0x0000000086100000| Untracked 
|  50|0x0000000086200000, 0x0000000086200000, 0x0000000086300000|  0%| F|  |TAMS 0x0000000086200000, 0x0000000086200000| Untracked 
|  51|0x0000000086300000, 0x0000000086300000, 0x0000000086400000|  0%| F|  |TAMS 0x0000000086300000, 0x0000000086300000| Untracked 
|  52|0x0000000086400000, 0x0000000086400000, 0x0000000086500000|  0%| F|  |TAMS 0x0000000086400000, 0x0000000086400000| Untracked 
|  53|0x0000000086500000, 0x0000000086500000, 0x0000000086600000|  0%| F|  |TAMS 0x0000000086500000, 0x0000000086500000| Untracked 
|  54|0x0000000086600000, 0x0000000086600000, 0x0000000086700000|  0%| F|  |TAMS 0x0000000086600000, 0x0000000086600000| Untracked 
|  55|0x0000000086700000, 0x0000000086700000, 0x0000000086800000|  0%| F|  |TAMS 0x0000000086700000, 0x0000000086700000| Untracked 
|  56|0x0000000086800000, 0x0000000086800000, 0x0000000086900000|  0%| F|  |TAMS 0x0000000086800000, 0x0000000086800000| Untracked 
|  57|0x0000000086900000, 0x0000000086900000, 0x0000000086a00000|  0%| F|  |TAMS 0x0000000086900000, 0x0000000086900000| Untracked 
|  58|0x0000000086a00000, 0x0000000086a00000, 0x0000000086b00000|  0%| F|  |TAMS 0x0000000086a00000, 0x0000000086a00000| Untracked 
|  59|0x0000000086b00000, 0x0000000086b00000, 0x0000000086c00000|  0%| F|  |TAMS 0x0000000086b00000, 0x0000000086b00000| Untracked 
|  60|0x0000000086c00000, 0x0000000086c00000, 0x0000000086d00000|  0%| F|  |TAMS 0x0000000086c00000, 0x0000000086c00000| Untracked 
|  61|0x0000000086d00000, 0x0000000086d00000, 0x0000000086e00000|  0%| F|  |TAMS 0x0000000086d00000, 0x0000000086d00000| Untracked 
|  62|0x0000000086e00000, 0x0000000086e00000, 0x0000000086f00000|  0%| F|  |TAMS 0x0000000086e00000, 0x0000000086e00000| Untracked 
|  63|0x0000000086f00000, 0x0000000086f00000, 0x0000000087000000|  0%| F|  |TAMS 0x0000000086f00000, 0x0000000086f00000| Untracked 
|  64|0x0000000087000000, 0x0000000087000000, 0x0000000087100000|  0%| F|  |TAMS 0x0000000087000000, 0x0000000087000000| Untracked 
|  65|0x0000000087100000, 0x0000000087100000, 0x0000000087200000|  0%| F|  |TAMS 0x0000000087100000, 0x0000000087100000| Untracked 
|  66|0x0000000087200000, 0x0000000087200000, 0x0000000087300000|  0%| F|  |TAMS 0x0000000087200000, 0x0000000087200000| Untracked 
|  67|0x0000000087300000, 0x0000000087300000, 0x0000000087400000|  0%| F|  |TAMS 0x0000000087300000, 0x0000000087300000| Untracked 
|  68|0x0000000087400000, 0x0000000087400000, 0x0000000087500000|  0%| F|  |TAMS 0x0000000087400000, 0x0000000087400000| Untracked 
|  69|0x0000000087500000, 0x0000000087500000, 0x0000000087600000|  0%| F|  |TAMS 0x0000000087500000, 0x0000000087500000| Untracked 
|  70|0x0000000087600000, 0x0000000087600000, 0x0000000087700000|  0%| F|  |TAMS 0x0000000087600000, 0x0000000087600000| Untracked 
|  71|0x0000000087700000, 0x0000000087700000, 0x0000000087800000|  0%| F|  |TAMS 0x0000000087700000, 0x0000000087700000| Untracked 
|  72|0x0000000087800000, 0x0000000087800000, 0x0000000087900000|  0%| F|  |TAMS 0x0000000087800000, 0x0000000087800000| Untracked 
|  73|0x0000000087900000, 0x0000000087900000, 0x0000000087a00000|  0%| F|  |TAMS 0x0000000087900000, 0x0000000087900000| Untracked 
|  74|0x0000000087a00000, 0x0000000087a00000, 0x0000000087b00000|  0%| F|  |TAMS 0x0000000087a00000, 0x0000000087a00000| Untracked 
|  75|0x0000000087b00000, 0x0000000087b00000, 0x0000000087c00000|  0%| F|  |TAMS 0x0000000087b00000, 0x0000000087b00000| Untracked 
|  76|0x0000000087c00000, 0x0000000087c00000, 0x0000000087d00000|  0%| F|  |TAMS 0x0000000087c00000, 0x0000000087c00000| Untracked 
|  77|0x0000000087d00000, 0x0000000087d00000, 0x0000000087e00000|  0%| F|  |TAMS 0x0000000087d00000, 0x0000000087d00000| Untracked 
|  78|0x0000000087e00000, 0x0000000087e00000, 0x0000000087f00000|  0%| F|  |TAMS 0x0000000087e00000, 0x0000000087e00000| Untracked 
|  79|0x0000000087f00000, 0x0000000087f00000, 0x0000000088000000|  0%| F|  |TAMS 0x0000000087f00000, 0x0000000087f00000| Untracked 
|  80|0x0000000088000000, 0x0000000088000000, 0x0000000088100000|  0%| F|  |TAMS 0x0000000088000000, 0x0000000088000000| Untracked 
|  81|0x0000000088100000, 0x0000000088100000, 0x0000000088200000|  0%| F|  |TAMS 0x0000000088100000, 0x0000000088100000| Untracked 
|  82|0x0000000088200000, 0x0000000088200000, 0x0000000088300000|  0%| F|  |TAMS 0x0000000088200000, 0x0000000088200000| Untracked 
|  83|0x0000000088300000, 0x0000000088300000, 0x0000000088400000|  0%| F|  |TAMS 0x0000000088300000, 0x0000000088300000| Untracked 
|  84|0x0000000088400000, 0x0000000088400000, 0x0000000088500000|  0%| F|  |TAMS 0x0000000088400000, 0x0000000088400000| Untracked 
|  85|0x0000000088500000, 0x0000000088500000, 0x0000000088600000|  0%| F|  |TAMS 0x0000000088500000, 0x0000000088500000| Untracked 
|  86|0x0000000088600000, 0x0000000088600000, 0x0000000088700000|  0%| F|  |TAMS 0x0000000088600000, 0x0000000088600000| Untracked 
|  87|0x0000000088700000, 0x0000000088700000, 0x0000000088800000|  0%| F|  |TAMS 0x0000000088700000, 0x0000000088700000| Untracked 
|  88|0x0000000088800000, 0x0000000088800000, 0x0000000088900000|  0%| F|  |TAMS 0x0000000088800000, 0x0000000088800000| Untracked 
|  89|0x0000000088900000, 0x0000000088900000, 0x0000000088a00000|  0%| F|  |TAMS 0x0000000088900000, 0x0000000088900000| Untracked 
|  90|0x0000000088a00000, 0x0000000088a00000, 0x0000000088b00000|  0%| F|  |TAMS 0x0000000088a00000, 0x0000000088a00000| Untracked 
|  91|0x0000000088b00000, 0x0000000088b00000, 0x0000000088c00000|  0%| F|  |TAMS 0x0000000088b00000, 0x0000000088b00000| Untracked 
|  92|0x0000000088c00000, 0x0000000088c00000, 0x0000000088d00000|  0%| F|  |TAMS 0x0000000088c00000, 0x0000000088c00000| Untracked 
|  93|0x0000000088d00000, 0x0000000088d00000, 0x0000000088e00000|  0%| F|  |TAMS 0x0000000088d00000, 0x0000000088d00000| Untracked 
|  94|0x0000000088e00000, 0x0000000088e00000, 0x0000000088f00000|  0%| F|  |TAMS 0x0000000088e00000, 0x0000000088e00000| Untracked 
|  95|0x0000000088f00000, 0x0000000088f00000, 0x0000000089000000|  0%| F|  |TAMS 0x0000000088f00000, 0x0000000088f00000| Untracked 
|  96|0x0000000089000000, 0x0000000089000000, 0x0000000089100000|  0%| F|  |TAMS 0x0000000089000000, 0x0000000089000000| Untracked 
|  97|0x0000000089100000, 0x0000000089100000, 0x0000000089200000|  0%| F|  |TAMS 0x0000000089100000, 0x0000000089100000| Untracked 
|  98|0x0000000089200000, 0x0000000089200000, 0x0000000089300000|  0%| F|  |TAMS 0x0000000089200000, 0x0000000089200000| Untracked 
|  99|0x0000000089300000, 0x0000000089300000, 0x0000000089400000|  0%| F|  |TAMS 0x0000000089300000, 0x0000000089300000| Untracked 
| 100|0x0000000089400000, 0x0000000089500000, 0x0000000089500000|100%| S|CS|TAMS 0x0000000089400000, 0x0000000089400000| Complete 
| 101|0x0000000089500000, 0x0000000089600000, 0x0000000089600000|100%| S|CS|TAMS 0x0000000089500000, 0x0000000089500000| Complete 
| 102|0x0000000089600000, 0x0000000089700000, 0x0000000089700000|100%| S|CS|TAMS 0x0000000089600000, 0x0000000089600000| Complete 
| 103|0x0000000089700000, 0x0000000089700000, 0x0000000089800000|  0%| F|  |TAMS 0x0000000089700000, 0x0000000089700000| Untracked 
| 104|0x0000000089800000, 0x0000000089800000, 0x0000000089900000|  0%| F|  |TAMS 0x0000000089800000, 0x0000000089800000| Untracked 
| 105|0x0000000089900000, 0x0000000089900000, 0x0000000089a00000|  0%| F|  |TAMS 0x0000000089900000, 0x0000000089900000| Untracked 
| 106|0x0000000089a00000, 0x0000000089a00000, 0x0000000089b00000|  0%| F|  |TAMS 0x0000000089a00000, 0x0000000089a00000| Untracked 
| 107|0x0000000089b00000, 0x0000000089b00000, 0x0000000089c00000|  0%| F|  |TAMS 0x0000000089b00000, 0x0000000089b00000| Untracked 
| 108|0x0000000089c00000, 0x0000000089c00000, 0x0000000089d00000|  0%| F|  |TAMS 0x0000000089c00000, 0x0000000089c00000| Untracked 
| 109|0x0000000089d00000, 0x0000000089d00000, 0x0000000089e00000|  0%| F|  |TAMS 0x0000000089d00000, 0x0000000089d00000| Untracked 
| 110|0x0000000089e00000, 0x0000000089e00000, 0x0000000089f00000|  0%| F|  |TAMS 0x0000000089e00000, 0x0000000089e00000| Untracked 
| 111|0x0000000089f00000, 0x0000000089f00000, 0x000000008a000000|  0%| F|  |TAMS 0x0000000089f00000, 0x0000000089f00000| Untracked 
| 112|0x000000008a000000, 0x000000008a000000, 0x000000008a100000|  0%| F|  |TAMS 0x000000008a000000, 0x000000008a000000| Untracked 
| 113|0x000000008a100000, 0x000000008a100000, 0x000000008a200000|  0%| F|  |TAMS 0x000000008a100000, 0x000000008a100000| Untracked 
| 114|0x000000008a200000, 0x000000008a200000, 0x000000008a300000|  0%| F|  |TAMS 0x000000008a200000, 0x000000008a200000| Untracked 
| 115|0x000000008a300000, 0x000000008a300000, 0x000000008a400000|  0%| F|  |TAMS 0x000000008a300000, 0x000000008a300000| Untracked 
| 116|0x000000008a400000, 0x000000008a400000, 0x000000008a500000|  0%| F|  |TAMS 0x000000008a400000, 0x000000008a400000| Untracked 
| 117|0x000000008a500000, 0x000000008a500000, 0x000000008a600000|  0%| F|  |TAMS 0x000000008a500000, 0x000000008a500000| Untracked 
| 118|0x000000008a600000, 0x000000008a600000, 0x000000008a700000|  0%| F|  |TAMS 0x000000008a600000, 0x000000008a600000| Untracked 
| 119|0x000000008a700000, 0x000000008a700000, 0x000000008a800000|  0%| F|  |TAMS 0x000000008a700000, 0x000000008a700000| Untracked 
| 120|0x000000008a800000, 0x000000008a880640, 0x000000008a900000| 50%| E|  |TAMS 0x000000008a800000, 0x000000008a800000| Complete 
| 121|0x000000008a900000, 0x000000008aa00000, 0x000000008aa00000|100%| E|CS|TAMS 0x000000008a900000, 0x000000008a900000| Complete 
| 122|0x000000008aa00000, 0x000000008ab00000, 0x000000008ab00000|100%| E|CS|TAMS 0x000000008aa00000, 0x000000008aa00000| Complete 
| 123|0x000000008ab00000, 0x000000008ac00000, 0x000000008ac00000|100%| E|CS|TAMS 0x000000008ab00000, 0x000000008ab00000| Complete 
| 124|0x000000008ac00000, 0x000000008ad00000, 0x000000008ad00000|100%| E|CS|TAMS 0x000000008ac00000, 0x000000008ac00000| Complete 
| 125|0x000000008ad00000, 0x000000008ae00000, 0x000000008ae00000|100%| E|CS|TAMS 0x000000008ad00000, 0x000000008ad00000| Complete 

Card table byte_map: [0x000002e738730000,0x000002e738b20000] _byte_map_base: 0x000002e738318000

Marking Bits (Prev, Next): (CMBitMap*) 0x000002e723a59b00, (CMBitMap*) 0x000002e723a59b40
 Prev Bits: [0x000002e738f10000, 0x000002e73ae50000)
 Next Bits: [0x000002e73ae50000, 0x000002e73cd90000)

Polling page: 0x000002e723ae0000

Metaspace:

Usage:
  Non-class:     15.75 MB used.
      Class:      1.78 MB used.
       Both:     17.52 MB used.

Virtual space:
  Non-class space:       16.00 MB reserved,      15.88 MB (>99%) committed,  2 nodes.
      Class space:        1.00 GB reserved,       1.81 MB ( <1%) committed,  1 nodes.
             Both:        1.02 GB reserved,      17.69 MB (  2%) committed. 

Chunk freelists:
   Non-Class:  176.00 KB
       Class:  2.17 MB
        Both:  2.34 MB

MaxMetaspaceSize: unlimited
CompressedClassSpaceSize: 1.00 GB
Initial GC threshold: 21.00 MB
Current GC threshold: 21.00 MB
CDS: off
MetaspaceReclaimPolicy: balanced
 - commit_granule_bytes: 65536.
 - commit_granule_words: 8192.
 - virtual_space_node_default_size: 1048576.
 - enlarge_chunks_in_place: 1.
 - new_chunks_are_fully_committed: 0.
 - uncommit_free_chunks: 1.
 - use_allocation_guard: 0.
 - handle_deallocations: 1.


Internal statistics:

num_allocs_failed_limit: 0.
num_arena_births: 66.
num_arena_deaths: 0.
num_vsnodes_births: 3.
num_vsnodes_deaths: 0.
num_space_committed: 283.
num_space_uncommitted: 0.
num_chunks_returned_to_freelist: 0.
num_chunks_taken_from_freelist: 248.
num_chunk_merges: 0.
num_chunk_splits: 147.
num_chunks_enlarged: 107.
num_purges: 0.
num_inconsistent_stats: 0.

CodeHeap 'non-profiled nmethods': size=120000Kb used=481Kb max_used=481Kb free=119518Kb
 bounds [0x000002e7303a0000, 0x000002e730610000, 0x000002e7378d0000]
CodeHeap 'profiled nmethods': size=120000Kb used=2292Kb max_used=2292Kb free=117707Kb
 bounds [0x000002e728e70000, 0x000002e7290e0000, 0x000002e7303a0000]
CodeHeap 'non-nmethods': size=5760Kb used=1204Kb max_used=1218Kb free=4555Kb
 bounds [0x000002e7288d0000, 0x000002e728b40000, 0x000002e728e70000]
 total_blobs=1772 nmethods=1270 adapters=415
 compilation: enabled
              stopped_count=0, restarted_count=0
 full_count=0

Compilation events (20 events):
Event: 1.443 Thread 0x000002e74041d350 1259       3       java.util.logging.LogManager::getProperty (9 bytes)
Event: 1.443 Thread 0x000002e74041d350 nmethod 1259 0x000002e7290a4790 code [0x000002e7290a4940, 0x000002e7290a4b08]
Event: 1.443 Thread 0x000002e74041d350 1260       3       java.lang.invoke.DirectMethodHandle$Holder::invokeStatic (15 bytes)
Event: 1.443 Thread 0x000002e74041d350 nmethod 1260 0x000002e7290a4c10 code [0x000002e7290a4de0, 0x000002e7290a5318]
Event: 1.443 Thread 0x000002e74041d350 1261       3       java.lang.invoke.LambdaForm$MH/0x0000000100080400::invoke (25 bytes)
Event: 1.443 Thread 0x000002e74041d350 nmethod 1261 0x000002e7290a5410 code [0x000002e7290a55e0, 0x000002e7290a5ad8]
Event: 1.443 Thread 0x000002e74041d350 1262       3       java.util.Arrays::fill (21 bytes)
Event: 1.444 Thread 0x000002e74041d350 nmethod 1262 0x000002e7290a5c10 code [0x000002e7290a5da0, 0x000002e7290a5f58]
Event: 1.444 Thread 0x000002e740d0ef50 1263       4       jdk.internal.misc.Unsafe::getIntUnaligned (12 bytes)
Event: 1.444 Thread 0x000002e74041d350 1265       3       java.lang.invoke.VarHandleGuards::guard_LII_V (137 bytes)
Event: 1.445 Thread 0x000002e740d0ef50 nmethod 1263 0x000002e730417f90 code [0x000002e730418100, 0x000002e730418198]
Event: 1.448 Thread 0x000002e74041d350 nmethod 1265 0x000002e7290a6090 code [0x000002e7290a64e0, 0x000002e7290a8f58]
Event: 1.448 Thread 0x000002e74041d350 1266       3       java.lang.invoke.VarHandleByteArrayAsInts$ArrayHandle::set (39 bytes)
Event: 1.449 Thread 0x000002e74041d350 nmethod 1266 0x000002e7290a9b90 code [0x000002e7290a9d80, 0x000002e7290aa298]
Event: 1.449 Thread 0x000002e74041d350 1269   !   3       jdk.internal.loader.Resource::getBytes (244 bytes)
Event: 1.451 Thread 0x000002e74041d350 nmethod 1269 0x000002e7290aa490 code [0x000002e7290aa780, 0x000002e7290abba8]
Event: 1.451 Thread 0x000002e74041d350 1270       3       java.security.SecureClassLoader::defineClass (16 bytes)
Event: 1.451 Thread 0x000002e74041d350 nmethod 1270 0x000002e7290ac490 code [0x000002e7290ac640, 0x000002e7290ac7d8]
Event: 1.451 Thread 0x000002e74041d350 1268       3       jdk.internal.reflect.Reflection::verifyModuleAccess (24 bytes)
Event: 1.452 Thread 0x000002e74041d350 nmethod 1268 0x000002e7290ac890 code [0x000002e7290acaa0, 0x000002e7290acfd8]

GC Heap History (2 events):
Event: 1.271 GC heap before
{Heap before GC invocations=0 (full 0):
 garbage-first heap   total 129024K, used 24576K [0x0000000083000000, 0x0000000100000000)
  region size 1024K, 23 young (23552K), 0 survivors (0K)
 Metaspace       used 16010K, committed 16256K, reserved 1064960K
  class space    used 1616K, committed 1728K, reserved 1048576K
}
Event: 1.279 GC heap after
{Heap after GC invocations=1 (full 0):
 garbage-first heap   total 129024K, used 8235K [0x0000000083000000, 0x0000000100000000)
  region size 1024K, 3 young (3072K), 3 survivors (3072K)
 Metaspace       used 16010K, committed 16256K, reserved 1064960K
  class space    used 1616K, committed 1728K, reserved 1048576K
}

Deoptimization events (20 events):
Event: 0.469 Thread 0x000002e723a1be40 DEOPT PACKING pc=0x000002e7303a87b0 sp=0x000000f883afc7a0
Event: 0.469 Thread 0x000002e723a1be40 DEOPT UNPACKING pc=0x000002e7289223a3 sp=0x000000f883afc748 mode 2
Event: 0.748 Thread 0x000002e723a1be40 Uncommon trap: trap_request=0xffffff45 fr.pc=0x000002e7303b57e4 relative=0x0000000000000064
Event: 0.748 Thread 0x000002e723a1be40 Uncommon trap: reason=unstable_if action=reinterpret pc=0x000002e7303b57e4 method=java.io.WinNTFileSystem.isSlash(C)Z @ 9 c2
Event: 0.748 Thread 0x000002e723a1be40 DEOPT PACKING pc=0x000002e7303b57e4 sp=0x000000f883afd2a0
Event: 0.748 Thread 0x000002e723a1be40 DEOPT UNPACKING pc=0x000002e7289223a3 sp=0x000000f883afd228 mode 2
Event: 1.014 Thread 0x000002e723a1be40 Uncommon trap: trap_request=0xffffff45 fr.pc=0x000002e7303eabc4 relative=0x0000000000001664
Event: 1.014 Thread 0x000002e723a1be40 Uncommon trap: reason=unstable_if action=reinterpret pc=0x000002e7303eabc4 method=java.io.WinNTFileSystem.normalize(Ljava/lang/String;)Ljava/lang/String; @ 128 c2
Event: 1.014 Thread 0x000002e723a1be40 DEOPT PACKING pc=0x000002e7303eabc4 sp=0x000000f883afd680
Event: 1.014 Thread 0x000002e723a1be40 DEOPT UNPACKING pc=0x000002e7289223a3 sp=0x000000f883afd668 mode 2
Event: 1.024 Thread 0x000002e723a1be40 DEOPT PACKING pc=0x000002e728f754f7 sp=0x000000f883af32c0
Event: 1.024 Thread 0x000002e723a1be40 DEOPT UNPACKING pc=0x000002e728922b43 sp=0x000000f883af2720 mode 0
Event: 1.284 Thread 0x000002e723a1be40 DEOPT PACKING pc=0x000002e72903cebe sp=0x000000f883afd230
Event: 1.285 Thread 0x000002e723a1be40 DEOPT UNPACKING pc=0x000002e728922b43 sp=0x000000f883afc6b0 mode 0
Event: 1.288 Thread 0x000002e723a1be40 DEOPT PACKING pc=0x000002e72903cebe sp=0x000000f883afd230
Event: 1.288 Thread 0x000002e723a1be40 DEOPT UNPACKING pc=0x000002e728922b43 sp=0x000000f883afc6b0 mode 0
Event: 1.290 Thread 0x000002e723a1be40 DEOPT PACKING pc=0x000002e72903cebe sp=0x000000f883afd230
Event: 1.290 Thread 0x000002e723a1be40 DEOPT UNPACKING pc=0x000002e728922b43 sp=0x000000f883afc6b0 mode 0
Event: 1.302 Thread 0x000002e723a1be40 DEOPT PACKING pc=0x000002e728f91e7e sp=0x000000f883afc1f0
Event: 1.302 Thread 0x000002e723a1be40 DEOPT UNPACKING pc=0x000002e728922b43 sp=0x000000f883afb6a0 mode 0

Classes unloaded (0 events):
No events

Classes redefined (0 events):
No events

Internal exceptions (15 events):
Event: 0.513 Thread 0x000002e723a1be40 Exception <a 'java/lang/NoSuchMethodError'{0x000000008a8c43d8}: 'int java.lang.invoke.DirectMethodHandle$Holder.invokeStaticInit(java.lang.Object, java.lang.Object)'> (0x000000008a8c43d8) 
thrown [e:\jenkins\tmp\workspace\build\src\src\hotspot\share\interpreter\linkResolver.cpp, line 766]
Event: 0.544 Thread 0x000002e723a1be40 Exception <a 'java/lang/NoSuchMethodError'{0x000000008a72be78}: 'java.lang.Object java.lang.invoke.DirectMethodHandle$Holder.invokeStaticInit(java.lang.Object)'> (0x000000008a72be78) 
thrown [e:\jenkins\tmp\workspace\build\src\src\hotspot\share\interpreter\linkResolver.cpp, line 766]
Event: 0.563 Thread 0x000002e723a1be40 Exception <a 'java/lang/NoSuchMethodError'{0x000000008a73c658}: 'void java.lang.invoke.DirectMethodHandle$Holder.invokeStatic(java.lang.Object, java.lang.Object)'> (0x000000008a73c658) 
thrown [e:\jenkins\tmp\workspace\build\src\src\hotspot\share\interpreter\linkResolver.cpp, line 766]
Event: 0.574 Thread 0x000002e723a1be40 Exception <a 'java/net/SocketException'{0x000000008a747330}: Socket is not connected: shutdown> (0x000000008a747330) 
thrown [e:\jenkins\tmp\workspace\build\src\src\hotspot\share\prims\jni.cpp, line 535]
Event: 0.575 Thread 0x000002e723a1be40 Exception <a 'java/net/SocketException'{0x000000008a7479a8}: Socket is not connected: shutdown> (0x000000008a7479a8) 
thrown [e:\jenkins\tmp\workspace\build\src\src\hotspot\share\prims\jni.cpp, line 535]
Event: 0.646 Thread 0x000002e723a1be40 Exception <a 'java/lang/NoSuchMethodError'{0x000000008a652788}: 'void java.lang.invoke.DirectMethodHandle$Holder.invokeSpecial(java.lang.Object, java.lang.Object, java.lang.Object)'> (0x000000008a652788) 
thrown [e:\jenkins\tmp\workspace\build\src\src\hotspot\share\interpreter\linkResolver.cpp, line 766]
Event: 0.668 Thread 0x000002e723a1be40 Exception <a 'java/lang/ClassNotFoundException'{0x000000008a691348}: sun/util/logging/resources/spi/loggingProvider> (0x000000008a691348) 
thrown [e:\jenkins\tmp\workspace\build\src\src\hotspot\share\classfile\systemDictionary.cpp, line 256]
Event: 0.731 Thread 0x000002e723a1be40 Exception <a 'java/lang/NoSuchMethodError'{0x000000008a5ce3d8}: 'void java.lang.invoke.DirectMethodHandle$Holder.invokeStaticInit(java.lang.Object, java.lang.Object)'> (0x000000008a5ce3d8) 
thrown [e:\jenkins\tmp\workspace\build\src\src\hotspot\share\interpreter\linkResolver.cpp, line 766]
Event: 1.011 Thread 0x000002e723a1be40 Exception <a 'java/lang/NoSuchMethodError'{0x0000000089eca980}: 'int java.lang.invoke.DirectMethodHandle$Holder.invokeSpecial(java.lang.Object, java.lang.Object, java.lang.Object)'> (0x0000000089eca980) 
thrown [e:\jenkins\tmp\workspace\build\src\src\hotspot\share\interpreter\linkResolver.cpp, line 766]
Event: 1.138 Thread 0x000002e723a1be40 Exception <a 'sun/nio/fs/WindowsException'{0x0000000089a67708}> (0x0000000089a67708) 
thrown [e:\jenkins\tmp\workspace\build\src\src\hotspot\share\prims\jni.cpp, line 516]
Event: 1.155 Thread 0x000002e723a1be40 Exception <a 'java/lang/NoSuchMethodError'{0x0000000089affb80}: 'int java.lang.invoke.DirectMethodHandle$Holder.invokeStaticInit(java.lang.Object, java.lang.Object, java.lang.Object, java.lang.Object)'> (0x0000000089affb80) 
thrown [e:\jenkins\tmp\workspace\build\src\src\hotspot\share\interpreter\linkResolver.cpp, line 766]
Event: 1.158 Thread 0x000002e723a1be40 Exception <a 'java/lang/NoSuchMethodError'{0x0000000089909918}: 'java.lang.Object java.lang.invoke.DirectMethodHandle$Holder.invokeInterface(java.lang.Object, java.lang.Object)'> (0x0000000089909918) 
thrown [e:\jenkins\tmp\workspace\build\src\src\hotspot\share\interpreter\linkResolver.cpp, line 766]
Event: 1.159 Thread 0x000002e723a1be40 Exception <a 'java/lang/IncompatibleClassChangeError'{0x000000008990d110}: Found class java.lang.Object, but interface was expected> (0x000000008990d110) 
thrown [e:\jenkins\tmp\workspace\build\src\src\hotspot\share\interpreter\linkResolver.cpp, line 833]
Event: 1.328 Thread 0x000002e723a1be40 Exception <a 'java/lang/NoSuchMethodError'{0x000000008aa66ea0}: 'java.lang.Object java.lang.invoke.DirectMethodHandle$Holder.invokeStaticInit(java.lang.Object, int, int, int, int)'> (0x000000008aa66ea0) 
thrown [e:\jenkins\tmp\workspace\build\src\src\hotspot\share\interpreter\linkResolver.cpp, line 766]
Event: 1.380 Thread 0x000002e723a1be40 Exception <a 'java/lang/NoSuchMethodError'{0x000000008aad0350}: 'java.lang.Object java.lang.invoke.DirectMethodHandle$Holder.invokeStaticInit(java.lang.Object, java.lang.Object, int, int, int, int)'> (0x000000008aad0350) 
thrown [e:\jenkins\tmp\workspace\build\src\src\hotspot\share\interpreter\linkResolver.cpp, line 766]

VM Operations (20 events):
Event: 0.310 Executing VM operation: HandshakeAllThreads
Event: 0.310 Executing VM operation: HandshakeAllThreads done
Event: 0.556 Executing VM operation: HandshakeAllThreads
Event: 0.556 Executing VM operation: HandshakeAllThreads done
Event: 0.748 Executing VM operation: HandshakeAllThreads
Event: 0.748 Executing VM operation: HandshakeAllThreads done
Event: 0.904 Executing VM operation: HandshakeAllThreads
Event: 0.904 Executing VM operation: HandshakeAllThreads done
Event: 0.926 Executing VM operation: HandshakeAllThreads
Event: 0.926 Executing VM operation: HandshakeAllThreads done
Event: 0.942 Executing VM operation: HandshakeAllThreads
Event: 0.942 Executing VM operation: HandshakeAllThreads done
Event: 1.051 Executing VM operation: HandshakeAllThreads
Event: 1.051 Executing VM operation: HandshakeAllThreads done
Event: 1.105 Executing VM operation: HandshakeAllThreads
Event: 1.105 Executing VM operation: HandshakeAllThreads done
Event: 1.105 Executing VM operation: Cleanup
Event: 1.105 Executing VM operation: Cleanup done
Event: 1.271 Executing VM operation: G1CollectForAllocation
Event: 1.279 Executing VM operation: G1CollectForAllocation done

Events (20 events):
Event: 1.440 loading class javax/net/ssl/SSLParameters
Event: 1.441 loading class javax/net/ssl/SSLParameters done
Event: 1.441 loading class sun/security/ssl/SSLConfiguration$1
Event: 1.441 loading class sun/security/ssl/SSLConfiguration$1 done
Event: 1.443 loading class sun/security/ssl/DummyX509TrustManager
Event: 1.443 loading class sun/security/ssl/DummyX509TrustManager done
Event: 1.450 loading class java/util/Collections$UnmodifiableMap$UnmodifiableEntrySet
Event: 1.450 loading class java/util/Collections$UnmodifiableMap$UnmodifiableEntrySet done
Event: 1.450 loading class java/util/Collections$UnmodifiableMap$UnmodifiableEntrySet$1
Event: 1.450 loading class java/util/Collections$UnmodifiableMap$UnmodifiableEntrySet$1 done
Event: 1.450 loading class java/util/Collections$UnmodifiableMap$UnmodifiableEntrySet$UnmodifiableEntry
Event: 1.450 loading class java/util/Collections$UnmodifiableMap$UnmodifiableEntrySet$UnmodifiableEntry done
Event: 1.460 loading class java/util/EventListener
Event: 1.460 loading class java/util/EventListener done
Event: 1.465 loading class java/util/concurrent/RunnableFuture
Event: 1.465 loading class java/util/concurrent/RunnableFuture done
Event: 1.465 loading class java/util/concurrent/ScheduledFuture
Event: 1.465 loading class java/util/concurrent/Delayed
Event: 1.465 loading class java/util/concurrent/Delayed done
Event: 1.465 loading class java/util/concurrent/ScheduledFuture done


Dynamic libraries:
0x00007ff6e7e80000 - 0x00007ff6e7e8e000 	C:\Users\ashis\Downloads\eclipse-dsl-2022-03-R-win32-x86_64 (1)\eclipse\plugins\org.eclipse.justj.openjdk.hotspot.jre.full.win32.x86_64_17.0.2.v20220201-1208\jre\bin\javaw.exe
0x00007ffac8e10000 - 0x00007ffac9024000 	C:\WINDOWS\SYSTEM32\ntdll.dll
0x00007ffac7be0000 - 0x00007ffac7ca2000 	C:\WINDOWS\System32\KERNEL32.DLL
0x00007ffac6840000 - 0x00007ffac6be3000 	C:\WINDOWS\System32\KERNELBASE.dll
0x00007ffac66a0000 - 0x00007ffac67b1000 	C:\WINDOWS\System32\ucrtbase.dll
0x00007ffa77450000 - 0x00007ffa77468000 	C:\Users\ashis\Downloads\eclipse-dsl-2022-03-R-win32-x86_64 (1)\eclipse\plugins\org.eclipse.justj.openjdk.hotspot.jre.full.win32.x86_64_17.0.2.v20220201-1208\jre\bin\jli.dll
0x00007ffa769b0000 - 0x00007ffa769c9000 	C:\Users\ashis\Downloads\eclipse-dsl-2022-03-R-win32-x86_64 (1)\eclipse\plugins\org.eclipse.justj.openjdk.hotspot.jre.full.win32.x86_64_17.0.2.v20220201-1208\jre\bin\VCRUNTIME140.dll
0x00007ffac7030000 - 0x00007ffac71db000 	C:\WINDOWS\System32\USER32.dll
0x00007ffac6210000 - 0x00007ffac6236000 	C:\WINDOWS\System32\win32u.dll
0x00007ffaa5f30000 - 0x00007ffaa61be000 	C:\WINDOWS\WinSxS\amd64_microsoft.windows.common-controls_6595b64144ccf1df_6.0.22621.1635_none_270f70857386168e\COMCTL32.dll
0x00007ffac8530000 - 0x00007ffac8559000 	C:\WINDOWS\System32\GDI32.dll
0x00007ffac8ac0000 - 0x00007ffac8b67000 	C:\WINDOWS\System32\msvcrt.dll
0x00007ffac6240000 - 0x00007ffac6359000 	C:\WINDOWS\System32\gdi32full.dll
0x00007ffac6420000 - 0x00007ffac64ba000 	C:\WINDOWS\System32\msvcp_win.dll
0x00007ffac6c80000 - 0x00007ffac6cb1000 	C:\WINDOWS\System32\IMM32.DLL
0x00007ffaabb00000 - 0x00007ffaabb0c000 	C:\Users\ashis\Downloads\eclipse-dsl-2022-03-R-win32-x86_64 (1)\eclipse\plugins\org.eclipse.justj.openjdk.hotspot.jre.full.win32.x86_64_17.0.2.v20220201-1208\jre\bin\vcruntime140_1.dll
0x00007ffa71940000 - 0x00007ffa719d1000 	C:\Users\ashis\Downloads\eclipse-dsl-2022-03-R-win32-x86_64 (1)\eclipse\plugins\org.eclipse.justj.openjdk.hotspot.jre.full.win32.x86_64_17.0.2.v20220201-1208\jre\bin\msvcp140.dll
0x00007ffa69800000 - 0x00007ffa6a447000 	C:\Users\ashis\Downloads\eclipse-dsl-2022-03-R-win32-x86_64 (1)\eclipse\plugins\org.eclipse.justj.openjdk.hotspot.jre.full.win32.x86_64_17.0.2.v20220201-1208\jre\bin\server\jvm.dll
0x00007ffac6ed0000 - 0x00007ffac6f7e000 	C:\WINDOWS\System32\ADVAPI32.dll
0x00007ffac80d0000 - 0x00007ffac8174000 	C:\WINDOWS\System32\sechost.dll
0x00007ffac71e0000 - 0x00007ffac72f7000 	C:\WINDOWS\System32\RPCRT4.dll
0x00007ffac8520000 - 0x00007ffac8528000 	C:\WINDOWS\System32\PSAPI.DLL
0x00007ffac17b0000 - 0x00007ffac17b9000 	C:\WINDOWS\SYSTEM32\WSOCK32.dll
0x00007ffabf890000 - 0x00007ffabf89a000 	C:\WINDOWS\SYSTEM32\VERSION.dll
0x00007ffabfa90000 - 0x00007ffabfac4000 	C:\WINDOWS\SYSTEM32\WINMM.dll
0x00007ffac8b70000 - 0x00007ffac8be1000 	C:\WINDOWS\System32\WS2_32.dll
0x00007ffac5350000 - 0x00007ffac5368000 	C:\WINDOWS\SYSTEM32\kernel.appcore.dll
0x00007ffac0a60000 - 0x00007ffac0a6a000 	C:\Users\ashis\Downloads\eclipse-dsl-2022-03-R-win32-x86_64 (1)\eclipse\plugins\org.eclipse.justj.openjdk.hotspot.jre.full.win32.x86_64_17.0.2.v20220201-1208\jre\bin\jimage.dll
0x00007ffac3980000 - 0x00007ffac3bae000 	C:\WINDOWS\SYSTEM32\DBGHELP.DLL
0x00007ffac8190000 - 0x00007ffac8519000 	C:\WINDOWS\System32\combase.dll
0x00007ffac7300000 - 0x00007ffac73d7000 	C:\WINDOWS\System32\OLEAUT32.dll
0x00007ffaa07e0000 - 0x00007ffaa0812000 	C:\WINDOWS\SYSTEM32\dbgcore.DLL
0x00007ffac67c0000 - 0x00007ffac683b000 	C:\WINDOWS\System32\bcryptPrimitives.dll
0x00007ffaace10000 - 0x00007ffaace35000 	C:\Users\ashis\Downloads\eclipse-dsl-2022-03-R-win32-x86_64 (1)\eclipse\plugins\org.eclipse.justj.openjdk.hotspot.jre.full.win32.x86_64_17.0.2.v20220201-1208\jre\bin\java.dll
0x00007ffac0a40000 - 0x00007ffac0a58000 	C:\Users\ashis\Downloads\eclipse-dsl-2022-03-R-win32-x86_64 (1)\eclipse\plugins\org.eclipse.justj.openjdk.hotspot.jre.full.win32.x86_64_17.0.2.v20220201-1208\jre\bin\zip.dll
0x00007ffac73e0000 - 0x00007ffac7bda000 	C:\WINDOWS\System32\SHELL32.dll
0x00007ffac4220000 - 0x00007ffac4aee000 	C:\WINDOWS\SYSTEM32\windows.storage.dll
0x00007ffac40e0000 - 0x00007ffac421e000 	C:\WINDOWS\SYSTEM32\wintypes.dll
0x00007ffac7ea0000 - 0x00007ffac7f91000 	C:\WINDOWS\System32\SHCORE.dll
0x00007ffac6e70000 - 0x00007ffac6ece000 	C:\WINDOWS\System32\shlwapi.dll
0x00007ffac6140000 - 0x00007ffac6161000 	C:\WINDOWS\SYSTEM32\profapi.dll
0x00007ffaad4b0000 - 0x00007ffaad4c9000 	C:\Users\ashis\Downloads\eclipse-dsl-2022-03-R-win32-x86_64 (1)\eclipse\plugins\org.eclipse.justj.openjdk.hotspot.jre.full.win32.x86_64_17.0.2.v20220201-1208\jre\bin\net.dll
0x00007ffabf8a0000 - 0x00007ffabf9d7000 	C:\WINDOWS\SYSTEM32\WINHTTP.dll
0x00007ffac57c0000 - 0x00007ffac5829000 	C:\WINDOWS\system32\mswsock.dll
0x00007ffaad3b0000 - 0x00007ffaad3c5000 	C:\Users\ashis\Downloads\eclipse-dsl-2022-03-R-win32-x86_64 (1)\eclipse\plugins\org.eclipse.justj.openjdk.hotspot.jre.full.win32.x86_64_17.0.2.v20220201-1208\jre\bin\nio.dll
0x00007ffac4e30000 - 0x00007ffac4f23000 	C:\WINDOWS\SYSTEM32\DNSAPI.dll
0x00007ffac4dc0000 - 0x00007ffac4ded000 	C:\WINDOWS\SYSTEM32\IPHLPAPI.DLL
0x00007ffac8180000 - 0x00007ffac8189000 	C:\WINDOWS\System32\NSI.dll
0x00007ffaa9870000 - 0x00007ffaa987a000 	C:\Windows\System32\rasadhlp.dll
0x00007ffabde60000 - 0x00007ffabdee4000 	C:\WINDOWS\System32\fwpuclnt.dll
0x00007ffabfc40000 - 0x00007ffabfc49000 	C:\Users\ashis\Downloads\eclipse-dsl-2022-03-R-win32-x86_64 (1)\eclipse\plugins\org.eclipse.justj.openjdk.hotspot.jre.full.win32.x86_64_17.0.2.v20220201-1208\jre\bin\management.dll
0x00007ffaad880000 - 0x00007ffaad88b000 	C:\Users\ashis\Downloads\eclipse-dsl-2022-03-R-win32-x86_64 (1)\eclipse\plugins\org.eclipse.justj.openjdk.hotspot.jre.full.win32.x86_64_17.0.2.v20220201-1208\jre\bin\management_ext.dll
0x00007ffac5a30000 - 0x00007ffac5a4b000 	C:\WINDOWS\SYSTEM32\CRYPTSP.dll
0x00007ffac52c0000 - 0x00007ffac52f5000 	C:\WINDOWS\system32\rsaenh.dll
0x00007ffac58c0000 - 0x00007ffac58e8000 	C:\WINDOWS\SYSTEM32\USERENV.dll
0x00007ffac5be0000 - 0x00007ffac5c08000 	C:\WINDOWS\SYSTEM32\bcrypt.dll
0x00007ffac5a20000 - 0x00007ffac5a2c000 	C:\WINDOWS\SYSTEM32\CRYPTBASE.dll
0x00007ffabf870000 - 0x00007ffabf889000 	C:\WINDOWS\SYSTEM32\dhcpcsvc6.DLL
0x00007ffabf850000 - 0x00007ffabf86f000 	C:\WINDOWS\SYSTEM32\dhcpcsvc.DLL
0x00007ffabfc90000 - 0x00007ffabfc9e000 	C:\Users\ashis\Downloads\eclipse-dsl-2022-03-R-win32-x86_64 (1)\eclipse\plugins\org.eclipse.justj.openjdk.hotspot.jre.full.win32.x86_64_17.0.2.v20220201-1208\jre\bin\sunmscapi.dll
0x00007ffac64c0000 - 0x00007ffac6627000 	C:\WINDOWS\System32\CRYPT32.dll
0x00007ffac5bb0000 - 0x00007ffac5bde000 	C:\WINDOWS\SYSTEM32\ncrypt.dll
0x00007ffac5b70000 - 0x00007ffac5ba7000 	C:\WINDOWS\SYSTEM32\NTASN1.dll

dbghelp: loaded successfully - version: 4.0.5 - missing functions: none
symbol engine: initialized successfully - sym options: 0x614 - pdb path: .;C:\Users\ashis\Downloads\eclipse-dsl-2022-03-R-win32-x86_64 (1)\eclipse\plugins\org.eclipse.justj.openjdk.hotspot.jre.full.win32.x86_64_17.0.2.v20220201-1208\jre\bin;C:\WINDOWS\SYSTEM32;C:\WINDOWS\WinSxS\amd64_microsoft.windows.common-controls_6595b64144ccf1df_6.0.22621.1635_none_270f70857386168e;C:\Users\ashis\Downloads\eclipse-dsl-2022-03-R-win32-x86_64 (1)\eclipse\plugins\org.eclipse.justj.openjdk.hotspot.jre.full.win32.x86_64_17.0.2.v20220201-1208\jre\bin\server

VM Arguments:
jvm_args: -Dfile.encoding=windows-1252 -XX:+ShowCodeDetailsInExceptionMessages 
java_command: Basics.LaunchChromeBrowser
java_class_path (initial): D:\programming\New Eclipse Workspace\NewSelenium\bin;C:\Users\ashis\Downloads\selenium-java-4.10.0\selenium-api-4.10.0.jar;C:\Users\ashis\Downloads\selenium-java-4.10.0\selenium-api-4.10.0-sources.jar;C:\Users\ashis\Downloads\selenium-java-4.10.0\selenium-chrome-driver-4.10.0.jar;C:\Users\ashis\Downloads\selenium-java-4.10.0\selenium-chrome-driver-4.10.0-sources.jar;C:\Users\ashis\Downloads\selenium-java-4.10.0\selenium-chromium-driver-4.10.0.jar;C:\Users\ashis\Downloads\selenium-java-4.10.0\selenium-chromium-driver-4.10.0-sources.jar;C:\Users\ashis\Downloads\selenium-java-4.10.0\selenium-devtools-v85-4.10.0.jar;C:\Users\ashis\Downloads\selenium-java-4.10.0\selenium-devtools-v85-4.10.0-sources.jar;C:\Users\ashis\Downloads\selenium-java-4.10.0\selenium-devtools-v112-4.10.0.jar;C:\Users\ashis\Downloads\selenium-java-4.10.0\selenium-devtools-v112-4.10.0-sources.jar;C:\Users\ashis\Downloads\selenium-java-4.10.0\selenium-devtools-v113-4.10.0.jar;C:\Users\ashis\Downloads\selenium-java-4.10.0\selenium-devtools-v113-4.10.0-sources.jar;C:\Users\ashis\Downloads\selenium-java-4.10.0\selenium-devtools-v114-4.10.0.jar;C:\Users\ashis\Downloads\selenium-java-4.10.0\selenium-devtools-v114-4.10.0-sources.jar;C:\Users\ashis\Downloads\selenium-java-4.10.0\selenium-edge-driver-4.10.0.jar;C:\Users\ashis\Downloads\selenium-java-4.10.0\selenium-edge-driver-4.10.0-sources.jar;C:\Users\ashis\Downloads\selenium-java-4.10.0\selenium-firefox-driver-4.10.0.jar;C:\Users\ashis\Downloads\selenium-java-4.10.0\selenium-firefox-driver-4.10.0-sources.jar;C:\Users\ashis\Downloads\selenium-java-4.10.0\selenium-http-4.10.0.jar;C:\Users\ashis\Downloads\selenium-java-4.10.0\selenium-http-4.10.0-sources.jar;C:\Users\ashis\Downloads\selenium-java-4.10.0\selenium-ie-driver-4.10.0.jar;C:\Users\ashis\Downloads\selenium-java-4.10.0\selenium-ie-driver-4.10.0-sources.jar;C:\Users\ashis\Downloads\selenium-java-4.10.0\selenium-java-4.10.0.jar;C:\Users\ashis\Downloads\selenium-java-4.10.0
Launcher Type: SUN_STANDARD

[Global flags]
     intx CICompilerCount                          = 4                                         {product} {ergonomic}
     uint ConcGCThreads                            = 2                                         {product} {ergonomic}
     uint G1ConcRefinementThreads                  = 8                                         {product} {ergonomic}
   size_t G1HeapRegionSize                         = 1048576                                   {product} {ergonomic}
    uintx GCDrainStackTargetSize                   = 64                                        {product} {ergonomic}
   size_t InitialHeapSize                          = 132120576                                 {product} {ergonomic}
   size_t MarkStackSize                            = 4194304                                   {product} {ergonomic}
   size_t MaxHeapSize                              = 2097152000                                {product} {ergonomic}
   size_t MaxNewSize                               = 1258291200                                {product} {ergonomic}
   size_t MinHeapDeltaBytes                        = 1048576                                   {product} {ergonomic}
   size_t MinHeapSize                              = 8388608                                   {product} {ergonomic}
    uintx NonNMethodCodeHeapSize                   = 5839372                                {pd product} {ergonomic}
    uintx NonProfiledCodeHeapSize                  = 122909434                              {pd product} {ergonomic}
    uintx ProfiledCodeHeapSize                     = 122909434                              {pd product} {ergonomic}
    uintx ReservedCodeCacheSize                    = 251658240                              {pd product} {ergonomic}
     bool SegmentedCodeCache                       = true                                      {product} {ergonomic}
     bool ShowCodeDetailsInExceptionMessages       = true                                   {manageable} {command line}
   size_t SoftMaxHeapSize                          = 2097152000                             {manageable} {ergonomic}
     bool UseCompressedClassPointers               = true                           {product lp64_product} {ergonomic}
     bool UseCompressedOops                        = true                           {product lp64_product} {ergonomic}
     bool UseG1GC                                  = true                                      {product} {ergonomic}
     bool UseLargePagesIndividualAllocation        = false                                  {pd product} {ergonomic}

Logging:
Log output configuration:
 #0: stdout all=warning uptime,level,tags
 #1: stderr all=off uptime,level,tags

Environment Variables:
PATH=C:/Users/ashis/Downloads/eclipse-dsl-2022-03-R-win32-x86_64 (1)/eclipse//plugins/org.eclipse.justj.openjdk.hotspot.jre.full.win32.x86_64_17.0.2.v20220201-1208/jre/bin/server;C:/Users/ashis/Downloads/eclipse-dsl-2022-03-R-win32-x86_64 (1)/eclipse//plugins/org.eclipse.justj.openjdk.hotspot.jre.full.win32.x86_64_17.0.2.v20220201-1208/jre/bin;C:\Program Files\Common Files\Oracle\Java\javapath;C:\windows\system32;C:\windows;C:\windows\System32\Wbem;C:\windows\System32\WindowsPowerShell\v1.0\;C:\windows\System32\OpenSSH\;C:\Program Files (x86)\NVIDIA Corporation\PhysX\Common;C:\Program Files\NVIDIA Corporation\NVIDIA NvDLISR;C:\WINDOWS\system32;C:\WINDOWS;C:\WINDOWS\System32\Wbem;C:\WINDOWS\System32\WindowsPowerShell\v1.0\;C:\WINDOWS\System32\OpenSSH\;C:\Program Files\Microsoft SQL Server\Client SDK\ODBC\170\Tools\Binn\;C:\Program Files (x86)\Microsoft SQL Server\150\Tools\Binn\;C:\Program Files\Microsoft SQL Server\150\Tools\Binn\;C:\Program Files\Microsoft SQL Server\150\DTS\Binn\;C:\Program Files (x86)\Microsoft SQL Server\160\DTS\Binn\;C:\Program Files\Azure Data Studio\bin;C:\Program Files\Git\cmd;C:\Users\ashis\AppData\Local\Microsoft\WindowsApps;C:\Program Files\Java\jdk-11.0.15.1\bin;C:\Program Files\Azure Data Studio\bin;C:\Users\ashis\AppData\Local\GitHubDesktop\bin;;C:\Users\ashis\Downloads\eclipse-dsl-2022-03-R-win32-x86_64 (1)\eclipse;
USERNAME=ashis
OS=Windows_NT
PROCESSOR_IDENTIFIER=Intel64 Family 6 Model 142 Stepping 12, GenuineIntel



---------------  S Y S T E M  ---------------

OS:
 Windows 11 , 64 bit Build 22621 (10.0.22621.1778)
OS uptime: 2 days 16:15 hours

CPU: total 8 (initial active 8) (4 cores per cpu, 2 threads per core) family 6 model 142 stepping 12 microcode 0xf0, cx8, cmov, fxsr, ht, mmx, 3dnowpref, sse, sse2, sse3, ssse3, sse4.1, sse4.2, popcnt, lzcnt, tsc, tscinvbit, avx, avx2, aes, erms, clmul, bmi1, bmi2, adx, fma, vzeroupper, clflush, clflushopt

Memory: 4k page, system-wide physical 7995M (1078M free)
TotalPageFile size 12074M (AvailPageFile size 3M)
current process WorkingSet (physical memory assigned to process): 97M, peak: 97M
current process commit charge ("private bytes"): 230M, peak: 230M

vm_info: OpenJDK 64-Bit Server VM (17.0.2+8) for windows-amd64 JRE (17.0.2+8), built on Jan 20 2022 04:52:34 by "" with MS VC++ 16.7 (VS2019)

END.
