#
# There is insufficient memory for the Java Runtime Environment to continue.
# Native memory allocation (mmap) failed to map 65536 bytes for Failed to commit metaspace.
# Possible reasons:
#   The system is out of physical RAM or swap space
#   The process is running with CompressedOops enabled, and the Java Heap may be blocking the growth of the native heap
# Possible solutions:
#   Reduce memory load on the system
#   Increase physical memory or swap space
#   Check if swap backing store is full
#   Decrease Java heap size (-Xmx/-Xms)
#   Decrease number of Java threads
#   Decrease Java thread stack sizes (-Xss)
#   Set larger code cache with -XX:ReservedCodeCacheSize=
#   JVM is running with Unscaled Compressed Oops mode in which the Java heap is
#     placed in the first 4GB address space. The Java Heap base address is the
#     maximum limit for the native heap growth. Please use -XX:HeapBaseMinAddress
#     to set the Java Heap base and to place the Java Heap above 4GB virtual address.
# This output file may be truncated or incomplete.
#
#  Out of Memory Error (virtualSpaceNode.cpp:110), pid=10492, tid=18552
#
# JRE version: OpenJDK Runtime Environment Temurin-17.0.2+8 (17.0.2+8) (build 17.0.2+8)
# Java VM: OpenJDK 64-Bit Server VM Temurin-17.0.2+8 (17.0.2+8, mixed mode, tiered, compressed oops, compressed class ptrs, g1 gc, windows-amd64)
# No core dump will be written. Minidumps are not enabled by default on client versions of Windows
#

---------------  S U M M A R Y ------------

Command Line: -Dfile.encoding=windows-1252 -XX:+ShowCodeDetailsInExceptionMessages Basics.LaunchChromeBrowser

Host: Intel(R) Core(TM) i5-10210U CPU @ 1.60GHz, 8 cores, 7G,  Windows 11 , 64 bit Build 22621 (10.0.22621.1778)
Time: Sat Jun 10 01:33:07 2023 India Standard Time elapsed time: 0.666406 seconds (0d 0h 0m 0s)

---------------  T H R E A D  ---------------

Current thread (0x00000171409c6bb0):  JavaThread "main" [_thread_in_vm, id=18552, stack(0x00000035ed800000,0x00000035ed900000)]

Stack: [0x00000035ed800000,0x00000035ed900000]
Native frames: (J=compiled Java code, j=interpreted, Vv=VM code, C=native code)
V  [jvm.dll+0x67564a]
V  [jvm.dll+0x82fc04]
V  [jvm.dll+0x8313ae]
V  [jvm.dll+0x831a13]
V  [jvm.dll+0x245235]
V  [jvm.dll+0x82bbab]
V  [jvm.dll+0x61a336]
V  [jvm.dll+0x61a39a]
V  [jvm.dll+0x61cbba]
V  [jvm.dll+0x61acd6]
V  [jvm.dll+0x23979f]
V  [jvm.dll+0x6249f5]
V  [jvm.dll+0x1e9eab]
V  [jvm.dll+0x1ea3e5]
V  [jvm.dll+0x1eae1f]
V  [jvm.dll+0x1e02c1]
V  [jvm.dll+0x53b6e0]
V  [jvm.dll+0x1f0ab7]
V  [jvm.dll+0x7aa1bb]
V  [jvm.dll+0x7ab562]
V  [jvm.dll+0x7abcf9]
V  [jvm.dll+0x1eb0d4]
V  [jvm.dll+0x1e02da]
V  [jvm.dll+0x53b6e0]
V  [jvm.dll+0x1f0ab7]
V  [jvm.dll+0x7aa1bb]
V  [jvm.dll+0x7ab562]
V  [jvm.dll+0x7ab898]
V  [jvm.dll+0x23d51e]
V  [jvm.dll+0x37e8ce]
C  0x000001714586b6e4

Java frames: (J=compiled Java code, j=interpreted, Vv=VM code)
j  java.lang.invoke.LambdaMetafactory.metafactory(Ljava/lang/invoke/MethodHandles$Lookup;Ljava/lang/String;Ljava/lang/invoke/MethodType;Ljava/lang/invoke/MethodType;Ljava/lang/invoke/MethodHandle;Ljava/lang/invoke/MethodType;)Ljava/lang/invoke/CallSite;+0 java.base@17.0.2
j  java.lang.invoke.DirectMethodHandle$Holder.invokeStatic(Ljava/lang/Object;Ljava/lang/Object;Ljava/lang/Object;Ljava/lang/Object;Ljava/lang/Object;Ljava/lang/Object;Ljava/lang/Object;)Ljava/lang/Object;+20 java.base@17.0.2
j  java.lang.invoke.Invokers$Holder.invokeExact_MT(Ljava/lang/Object;Ljava/lang/Object;Ljava/lang/Object;Ljava/lang/Object;Ljava/lang/Object;Ljava/lang/Object;Ljava/lang/Object;Ljava/lang/Object;)Ljava/lang/Object;+28 java.base@17.0.2
j  java.lang.invoke.BootstrapMethodInvoker.invoke(Ljava/lang/Class;Ljava/lang/invoke/MethodHandle;Ljava/lang/String;Ljava/lang/Object;Ljava/lang/Object;Ljava/lang/Class;)Ljava/lang/Object;+319 java.base@17.0.2
j  java.lang.invoke.CallSite.makeSite(Ljava/lang/invoke/MethodHandle;Ljava/lang/String;Ljava/lang/invoke/MethodType;Ljava/lang/Object;Ljava/lang/Class;)Ljava/lang/invoke/CallSite;+8 java.base@17.0.2
j  java.lang.invoke.MethodHandleNatives.linkCallSiteImpl(Ljava/lang/Class;Ljava/lang/invoke/MethodHandle;Ljava/lang/String;Ljava/lang/invoke/MethodType;Ljava/lang/Object;[Ljava/lang/Object;)Ljava/lang/invoke/MemberName;+6 java.base@17.0.2
j  java.lang.invoke.MethodHandleNatives.linkCallSite(Ljava/lang/Object;ILjava/lang/Object;Ljava/lang/Object;Ljava/lang/Object;Ljava/lang/Object;[Ljava/lang/Object;)Ljava/lang/invoke/MemberName;+46 java.base@17.0.2
v  ~StubRoutines::call_stub
j  java.util.logging.Level$KnownLevel.add(Ljava/util/logging/Level;)V+19 java.logging@17.0.2
j  java.util.logging.Level.<init>(Ljava/lang/String;ILjava/lang/String;Z)V+55 java.logging@17.0.2
j  java.util.logging.Level.<init>(Ljava/lang/String;ILjava/lang/String;)V+5 java.logging@17.0.2
j  java.util.logging.Level.<clinit>()V+10 java.logging@17.0.2
v  ~StubRoutines::call_stub
j  java.util.logging.Logger.<clinit>()V+7 java.logging@17.0.2
v  ~StubRoutines::call_stub
j  org.openqa.selenium.remote.RemoteWebDriver.<clinit>()V+6
v  ~StubRoutines::call_stub
j  Basics.LaunchChromeBrowser.main([Ljava/lang/String;)V+0
v  ~StubRoutines::call_stub

---------------  P R O C E S S  ---------------

Threads class SMR info:
_java_thread_list=0x000001715d5d9d20, length=12, elements={
0x00000171409c6bb0, 0x000001715c8011f0, 0x000001715c802db0, 0x000001715d44b560,
0x000001715d44c020, 0x000001715d44ebf0, 0x000001715d44f5a0, 0x000001715d45cc50,
0x000001715d45d6f0, 0x000001715d45e4f0, 0x000001715d5c2a90, 0x000001715d5c7b20
}

Java Threads: ( => current thread )
=>0x00000171409c6bb0 JavaThread "main" [_thread_in_vm, id=18552, stack(0x00000035ed800000,0x00000035ed900000)]
  0x000001715c8011f0 JavaThread "Reference Handler" daemon [_thread_blocked, id=16812, stack(0x00000035edf00000,0x00000035ee000000)]
  0x000001715c802db0 JavaThread "Finalizer" daemon [_thread_blocked, id=16296, stack(0x00000035ee000000,0x00000035ee100000)]
  0x000001715d44b560 JavaThread "Signal Dispatcher" daemon [_thread_blocked, id=2064, stack(0x00000035ee100000,0x00000035ee200000)]
  0x000001715d44c020 JavaThread "Attach Listener" daemon [_thread_blocked, id=2904, stack(0x00000035ee200000,0x00000035ee300000)]
  0x000001715d44ebf0 JavaThread "Service Thread" daemon [_thread_blocked, id=6288, stack(0x00000035ee300000,0x00000035ee400000)]
  0x000001715d44f5a0 JavaThread "Monitor Deflation Thread" daemon [_thread_blocked, id=11744, stack(0x00000035ee400000,0x00000035ee500000)]
  0x000001715d45cc50 JavaThread "C2 CompilerThread0" daemon [_thread_blocked, id=14408, stack(0x00000035ee500000,0x00000035ee600000)]
  0x000001715d45d6f0 JavaThread "C1 CompilerThread0" daemon [_thread_blocked, id=11764, stack(0x00000035ee600000,0x00000035ee700000)]
  0x000001715d45e4f0 JavaThread "Sweeper thread" daemon [_thread_blocked, id=13460, stack(0x00000035ee700000,0x00000035ee800000)]
  0x000001715d5c2a90 JavaThread "Notification Thread" daemon [_thread_blocked, id=18436, stack(0x00000035ee800000,0x00000035ee900000)]
  0x000001715d5c7b20 JavaThread "Common-Cleaner" daemon [_thread_blocked, id=6740, stack(0x00000035eea00000,0x00000035eeb00000)]

Other Threads:
  0x000001715c7fc2e0 VMThread "VM Thread" [stack: 0x00000035ede00000,0x00000035edf00000] [id=13492]
  0x000001715d5d9f60 WatcherThread [stack: 0x00000035ee900000,0x00000035eea00000] [id=20360]
  0x0000017140a07640 GCTaskThread "GC Thread#0" [stack: 0x00000035ed900000,0x00000035eda00000] [id=7244]
  0x0000017140a188f0 ConcurrentGCThread "G1 Main Marker" [stack: 0x00000035eda00000,0x00000035edb00000] [id=14904]
  0x0000017140a19300 ConcurrentGCThread "G1 Conc#0" [stack: 0x00000035edb00000,0x00000035edc00000] [id=14700]
  0x000001715c669920 ConcurrentGCThread "G1 Refine#0" [stack: 0x00000035edc00000,0x00000035edd00000] [id=11260]
  0x000001715c66b000 ConcurrentGCThread "G1 Service" [stack: 0x00000035edd00000,0x00000035ede00000] [id=3872]

Threads with active compile tasks:

VM state: not at safepoint (normal execution)

VM Mutex/Monitor currently owned by a thread:  ([mutex/lock_event])
[0x00000171409c1760] Metaspace_lock - owner thread: 0x00000171409c6bb0

Heap address: 0x0000000083000000, size: 2000 MB, Compressed Oops mode: 32-bit

CDS archive(s) not mapped
Compressed class space mapped at: 0x0000000100000000-0x0000000140000000, reserved size: 1073741824
Narrow klass base: 0x0000000000000000, Narrow klass shift: 3, Narrow klass range: 0x140000000

GC Precious Log:
 CPUs: 8 total, 8 available
 Memory: 7995M
 Large Page Support: Disabled
 NUMA Support: Disabled
 Compressed Oops: Enabled (32-bit)
 Heap Region Size: 1M
 Heap Min Capacity: 8M
 Heap Initial Capacity: 126M
 Heap Max Capacity: 2000M
 Pre-touch: Disabled
 Parallel Workers: 8
 Concurrent Workers: 2
 Concurrent Refinement Workers: 8
 Periodic GC: Disabled

Heap:
 garbage-first heap   total 129024K, used 2048K [0x0000000083000000, 0x0000000100000000)
  region size 1024K, 4 young (4096K), 0 survivors (0K)
 Metaspace       used 5446K, committed 5504K, reserved 1056768K
  class space    used 454K, committed 512K, reserved 1048576K

Heap Regions: E=young(eden), S=young(survivor), O=old, HS=humongous(starts), HC=humongous(continues), CS=collection set, F=free, OA=open archive, CA=closed archive, TAMS=top-at-mark-start (previous, next)
|   0|0x0000000083000000, 0x0000000083000000, 0x0000000083100000|  0%| F|  |TAMS 0x0000000083000000, 0x0000000083000000| Untracked 
|   1|0x0000000083100000, 0x0000000083100000, 0x0000000083200000|  0%| F|  |TAMS 0x0000000083100000, 0x0000000083100000| Untracked 
|   2|0x0000000083200000, 0x0000000083200000, 0x0000000083300000|  0%| F|  |TAMS 0x0000000083200000, 0x0000000083200000| Untracked 
|   3|0x0000000083300000, 0x0000000083300000, 0x0000000083400000|  0%| F|  |TAMS 0x0000000083300000, 0x0000000083300000| Untracked 
|   4|0x0000000083400000, 0x0000000083400000, 0x0000000083500000|  0%| F|  |TAMS 0x0000000083400000, 0x0000000083400000| Untracked 
|   5|0x0000000083500000, 0x0000000083500000, 0x0000000083600000|  0%| F|  |TAMS 0x0000000083500000, 0x0000000083500000| Untracked 
|   6|0x0000000083600000, 0x0000000083600000, 0x0000000083700000|  0%| F|  |TAMS 0x0000000083600000, 0x0000000083600000| Untracked 
|   7|0x0000000083700000, 0x0000000083700000, 0x0000000083800000|  0%| F|  |TAMS 0x0000000083700000, 0x0000000083700000| Untracked 
|   8|0x0000000083800000, 0x0000000083800000, 0x0000000083900000|  0%| F|  |TAMS 0x0000000083800000, 0x0000000083800000| Untracked 
|   9|0x0000000083900000, 0x0000000083900000, 0x0000000083a00000|  0%| F|  |TAMS 0x0000000083900000, 0x0000000083900000| Untracked 
|  10|0x0000000083a00000, 0x0000000083a00000, 0x0000000083b00000|  0%| F|  |TAMS 0x0000000083a00000, 0x0000000083a00000| Untracked 
|  11|0x0000000083b00000, 0x0000000083b00000, 0x0000000083c00000|  0%| F|  |TAMS 0x0000000083b00000, 0x0000000083b00000| Untracked 
|  12|0x0000000083c00000, 0x0000000083c00000, 0x0000000083d00000|  0%| F|  |TAMS 0x0000000083c00000, 0x0000000083c00000| Untracked 
|  13|0x0000000083d00000, 0x0000000083d00000, 0x0000000083e00000|  0%| F|  |TAMS 0x0000000083d00000, 0x0000000083d00000| Untracked 
|  14|0x0000000083e00000, 0x0000000083e00000, 0x0000000083f00000|  0%| F|  |TAMS 0x0000000083e00000, 0x0000000083e00000| Untracked 
|  15|0x0000000083f00000, 0x0000000083f00000, 0x0000000084000000|  0%| F|  |TAMS 0x0000000083f00000, 0x0000000083f00000| Untracked 
|  16|0x0000000084000000, 0x0000000084000000, 0x0000000084100000|  0%| F|  |TAMS 0x0000000084000000, 0x0000000084000000| Untracked 
|  17|0x0000000084100000, 0x0000000084100000, 0x0000000084200000|  0%| F|  |TAMS 0x0000000084100000, 0x0000000084100000| Untracked 
|  18|0x0000000084200000, 0x0000000084200000, 0x0000000084300000|  0%| F|  |TAMS 0x0000000084200000, 0x0000000084200000| Untracked 
|  19|0x0000000084300000, 0x0000000084300000, 0x0000000084400000|  0%| F|  |TAMS 0x0000000084300000, 0x0000000084300000| Untracked 
|  20|0x0000000084400000, 0x0000000084400000, 0x0000000084500000|  0%| F|  |TAMS 0x0000000084400000, 0x0000000084400000| Untracked 
|  21|0x0000000084500000, 0x0000000084500000, 0x0000000084600000|  0%| F|  |TAMS 0x0000000084500000, 0x0000000084500000| Untracked 
|  22|0x0000000084600000, 0x0000000084600000, 0x0000000084700000|  0%| F|  |TAMS 0x0000000084600000, 0x0000000084600000| Untracked 
|  23|0x0000000084700000, 0x0000000084700000, 0x0000000084800000|  0%| F|  |TAMS 0x0000000084700000, 0x0000000084700000| Untracked 
|  24|0x0000000084800000, 0x0000000084800000, 0x0000000084900000|  0%| F|  |TAMS 0x0000000084800000, 0x0000000084800000| Untracked 
|  25|0x0000000084900000, 0x0000000084900000, 0x0000000084a00000|  0%| F|  |TAMS 0x0000000084900000, 0x0000000084900000| Untracked 
|  26|0x0000000084a00000, 0x0000000084a00000, 0x0000000084b00000|  0%| F|  |TAMS 0x0000000084a00000, 0x0000000084a00000| Untracked 
|  27|0x0000000084b00000, 0x0000000084b00000, 0x0000000084c00000|  0%| F|  |TAMS 0x0000000084b00000, 0x0000000084b00000| Untracked 
|  28|0x0000000084c00000, 0x0000000084c00000, 0x0000000084d00000|  0%| F|  |TAMS 0x0000000084c00000, 0x0000000084c00000| Untracked 
|  29|0x0000000084d00000, 0x0000000084d00000, 0x0000000084e00000|  0%| F|  |TAMS 0x0000000084d00000, 0x0000000084d00000| Untracked 
|  30|0x0000000084e00000, 0x0000000084e00000, 0x0000000084f00000|  0%| F|  |TAMS 0x0000000084e00000, 0x0000000084e00000| Untracked 
|  31|0x0000000084f00000, 0x0000000084f00000, 0x0000000085000000|  0%| F|  |TAMS 0x0000000084f00000, 0x0000000084f00000| Untracked 
|  32|0x0000000085000000, 0x0000000085000000, 0x0000000085100000|  0%| F|  |TAMS 0x0000000085000000, 0x0000000085000000| Untracked 
|  33|0x0000000085100000, 0x0000000085100000, 0x0000000085200000|  0%| F|  |TAMS 0x0000000085100000, 0x0000000085100000| Untracked 
|  34|0x0000000085200000, 0x0000000085200000, 0x0000000085300000|  0%| F|  |TAMS 0x0000000085200000, 0x0000000085200000| Untracked 
|  35|0x0000000085300000, 0x0000000085300000, 0x0000000085400000|  0%| F|  |TAMS 0x0000000085300000, 0x0000000085300000| Untracked 
|  36|0x0000000085400000, 0x0000000085400000, 0x0000000085500000|  0%| F|  |TAMS 0x0000000085400000, 0x0000000085400000| Untracked 
|  37|0x0000000085500000, 0x0000000085500000, 0x0000000085600000|  0%| F|  |TAMS 0x0000000085500000, 0x0000000085500000| Untracked 
|  38|0x0000000085600000, 0x0000000085600000, 0x0000000085700000|  0%| F|  |TAMS 0x0000000085600000, 0x0000000085600000| Untracked 
|  39|0x0000000085700000, 0x0000000085700000, 0x0000000085800000|  0%| F|  |TAMS 0x0000000085700000, 0x0000000085700000| Untracked 
|  40|0x0000000085800000, 0x0000000085800000, 0x0000000085900000|  0%| F|  |TAMS 0x0000000085800000, 0x0000000085800000| Untracked 
|  41|0x0000000085900000, 0x0000000085900000, 0x0000000085a00000|  0%| F|  |TAMS 0x0000000085900000, 0x0000000085900000| Untracked 
|  42|0x0000000085a00000, 0x0000000085a00000, 0x0000000085b00000|  0%| F|  |TAMS 0x0000000085a00000, 0x0000000085a00000| Untracked 
|  43|0x0000000085b00000, 0x0000000085b00000, 0x0000000085c00000|  0%| F|  |TAMS 0x0000000085b00000, 0x0000000085b00000| Untracked 
|  44|0x0000000085c00000, 0x0000000085c00000, 0x0000000085d00000|  0%| F|  |TAMS 0x0000000085c00000, 0x0000000085c00000| Untracked 
|  45|0x0000000085d00000, 0x0000000085d00000, 0x0000000085e00000|  0%| F|  |TAMS 0x0000000085d00000, 0x0000000085d00000| Untracked 
|  46|0x0000000085e00000, 0x0000000085e00000, 0x0000000085f00000|  0%| F|  |TAMS 0x0000000085e00000, 0x0000000085e00000| Untracked 
|  47|0x0000000085f00000, 0x0000000085f00000, 0x0000000086000000|  0%| F|  |TAMS 0x0000000085f00000, 0x0000000085f00000| Untracked 
|  48|0x0000000086000000, 0x0000000086000000, 0x0000000086100000|  0%| F|  |TAMS 0x0000000086000000, 0x0000000086000000| Untracked 
|  49|0x0000000086100000, 0x0000000086100000, 0x0000000086200000|  0%| F|  |TAMS 0x0000000086100000, 0x0000000086100000| Untracked 
|  50|0x0000000086200000, 0x0000000086200000, 0x0000000086300000|  0%| F|  |TAMS 0x0000000086200000, 0x0000000086200000| Untracked 
|  51|0x0000000086300000, 0x0000000086300000, 0x0000000086400000|  0%| F|  |TAMS 0x0000000086300000, 0x0000000086300000| Untracked 
|  52|0x0000000086400000, 0x0000000086400000, 0x0000000086500000|  0%| F|  |TAMS 0x0000000086400000, 0x0000000086400000| Untracked 
|  53|0x0000000086500000, 0x0000000086500000, 0x0000000086600000|  0%| F|  |TAMS 0x0000000086500000, 0x0000000086500000| Untracked 
|  54|0x0000000086600000, 0x0000000086600000, 0x0000000086700000|  0%| F|  |TAMS 0x0000000086600000, 0x0000000086600000| Untracked 
|  55|0x0000000086700000, 0x0000000086700000, 0x0000000086800000|  0%| F|  |TAMS 0x0000000086700000, 0x0000000086700000| Untracked 
|  56|0x0000000086800000, 0x0000000086800000, 0x0000000086900000|  0%| F|  |TAMS 0x0000000086800000, 0x0000000086800000| Untracked 
|  57|0x0000000086900000, 0x0000000086900000, 0x0000000086a00000|  0%| F|  |TAMS 0x0000000086900000, 0x0000000086900000| Untracked 
|  58|0x0000000086a00000, 0x0000000086a00000, 0x0000000086b00000|  0%| F|  |TAMS 0x0000000086a00000, 0x0000000086a00000| Untracked 
|  59|0x0000000086b00000, 0x0000000086b00000, 0x0000000086c00000|  0%| F|  |TAMS 0x0000000086b00000, 0x0000000086b00000| Untracked 
|  60|0x0000000086c00000, 0x0000000086c00000, 0x0000000086d00000|  0%| F|  |TAMS 0x0000000086c00000, 0x0000000086c00000| Untracked 
|  61|0x0000000086d00000, 0x0000000086d00000, 0x0000000086e00000|  0%| F|  |TAMS 0x0000000086d00000, 0x0000000086d00000| Untracked 
|  62|0x0000000086e00000, 0x0000000086e00000, 0x0000000086f00000|  0%| F|  |TAMS 0x0000000086e00000, 0x0000000086e00000| Untracked 
|  63|0x0000000086f00000, 0x0000000086f00000, 0x0000000087000000|  0%| F|  |TAMS 0x0000000086f00000, 0x0000000086f00000| Untracked 
|  64|0x0000000087000000, 0x0000000087000000, 0x0000000087100000|  0%| F|  |TAMS 0x0000000087000000, 0x0000000087000000| Untracked 
|  65|0x0000000087100000, 0x0000000087100000, 0x0000000087200000|  0%| F|  |TAMS 0x0000000087100000, 0x0000000087100000| Untracked 
|  66|0x0000000087200000, 0x0000000087200000, 0x0000000087300000|  0%| F|  |TAMS 0x0000000087200000, 0x0000000087200000| Untracked 
|  67|0x0000000087300000, 0x0000000087300000, 0x0000000087400000|  0%| F|  |TAMS 0x0000000087300000, 0x0000000087300000| Untracked 
|  68|0x0000000087400000, 0x0000000087400000, 0x0000000087500000|  0%| F|  |TAMS 0x0000000087400000, 0x0000000087400000| Untracked 
|  69|0x0000000087500000, 0x0000000087500000, 0x0000000087600000|  0%| F|  |TAMS 0x0000000087500000, 0x0000000087500000| Untracked 
|  70|0x0000000087600000, 0x0000000087600000, 0x0000000087700000|  0%| F|  |TAMS 0x0000000087600000, 0x0000000087600000| Untracked 
|  71|0x0000000087700000, 0x0000000087700000, 0x0000000087800000|  0%| F|  |TAMS 0x0000000087700000, 0x0000000087700000| Untracked 
|  72|0x0000000087800000, 0x0000000087800000, 0x0000000087900000|  0%| F|  |TAMS 0x0000000087800000, 0x0000000087800000| Untracked 
|  73|0x0000000087900000, 0x0000000087900000, 0x0000000087a00000|  0%| F|  |TAMS 0x0000000087900000, 0x0000000087900000| Untracked 
|  74|0x0000000087a00000, 0x0000000087a00000, 0x0000000087b00000|  0%| F|  |TAMS 0x0000000087a00000, 0x0000000087a00000| Untracked 
|  75|0x0000000087b00000, 0x0000000087b00000, 0x0000000087c00000|  0%| F|  |TAMS 0x0000000087b00000, 0x0000000087b00000| Untracked 
|  76|0x0000000087c00000, 0x0000000087c00000, 0x0000000087d00000|  0%| F|  |TAMS 0x0000000087c00000, 0x0000000087c00000| Untracked 
|  77|0x0000000087d00000, 0x0000000087d00000, 0x0000000087e00000|  0%| F|  |TAMS 0x0000000087d00000, 0x0000000087d00000| Untracked 
|  78|0x0000000087e00000, 0x0000000087e00000, 0x0000000087f00000|  0%| F|  |TAMS 0x0000000087e00000, 0x0000000087e00000| Untracked 
|  79|0x0000000087f00000, 0x0000000087f00000, 0x0000000088000000|  0%| F|  |TAMS 0x0000000087f00000, 0x0000000087f00000| Untracked 
|  80|0x0000000088000000, 0x0000000088000000, 0x0000000088100000|  0%| F|  |TAMS 0x0000000088000000, 0x0000000088000000| Untracked 
|  81|0x0000000088100000, 0x0000000088100000, 0x0000000088200000|  0%| F|  |TAMS 0x0000000088100000, 0x0000000088100000| Untracked 
|  82|0x0000000088200000, 0x0000000088200000, 0x0000000088300000|  0%| F|  |TAMS 0x0000000088200000, 0x0000000088200000| Untracked 
|  83|0x0000000088300000, 0x0000000088300000, 0x0000000088400000|  0%| F|  |TAMS 0x0000000088300000, 0x0000000088300000| Untracked 
|  84|0x0000000088400000, 0x0000000088400000, 0x0000000088500000|  0%| F|  |TAMS 0x0000000088400000, 0x0000000088400000| Untracked 
|  85|0x0000000088500000, 0x0000000088500000, 0x0000000088600000|  0%| F|  |TAMS 0x0000000088500000, 0x0000000088500000| Untracked 
|  86|0x0000000088600000, 0x0000000088600000, 0x0000000088700000|  0%| F|  |TAMS 0x0000000088600000, 0x0000000088600000| Untracked 
|  87|0x0000000088700000, 0x0000000088700000, 0x0000000088800000|  0%| F|  |TAMS 0x0000000088700000, 0x0000000088700000| Untracked 
|  88|0x0000000088800000, 0x0000000088800000, 0x0000000088900000|  0%| F|  |TAMS 0x0000000088800000, 0x0000000088800000| Untracked 
|  89|0x0000000088900000, 0x0000000088900000, 0x0000000088a00000|  0%| F|  |TAMS 0x0000000088900000, 0x0000000088900000| Untracked 
|  90|0x0000000088a00000, 0x0000000088a00000, 0x0000000088b00000|  0%| F|  |TAMS 0x0000000088a00000, 0x0000000088a00000| Untracked 
|  91|0x0000000088b00000, 0x0000000088b00000, 0x0000000088c00000|  0%| F|  |TAMS 0x0000000088b00000, 0x0000000088b00000| Untracked 
|  92|0x0000000088c00000, 0x0000000088c00000, 0x0000000088d00000|  0%| F|  |TAMS 0x0000000088c00000, 0x0000000088c00000| Untracked 
|  93|0x0000000088d00000, 0x0000000088d00000, 0x0000000088e00000|  0%| F|  |TAMS 0x0000000088d00000, 0x0000000088d00000| Untracked 
|  94|0x0000000088e00000, 0x0000000088e00000, 0x0000000088f00000|  0%| F|  |TAMS 0x0000000088e00000, 0x0000000088e00000| Untracked 
|  95|0x0000000088f00000, 0x0000000088f00000, 0x0000000089000000|  0%| F|  |TAMS 0x0000000088f00000, 0x0000000088f00000| Untracked 
|  96|0x0000000089000000, 0x0000000089000000, 0x0000000089100000|  0%| F|  |TAMS 0x0000000089000000, 0x0000000089000000| Untracked 
|  97|0x0000000089100000, 0x0000000089100000, 0x0000000089200000|  0%| F|  |TAMS 0x0000000089100000, 0x0000000089100000| Untracked 
|  98|0x0000000089200000, 0x0000000089200000, 0x0000000089300000|  0%| F|  |TAMS 0x0000000089200000, 0x0000000089200000| Untracked 
|  99|0x0000000089300000, 0x0000000089300000, 0x0000000089400000|  0%| F|  |TAMS 0x0000000089300000, 0x0000000089300000| Untracked 
| 100|0x0000000089400000, 0x0000000089400000, 0x0000000089500000|  0%| F|  |TAMS 0x0000000089400000, 0x0000000089400000| Untracked 
| 101|0x0000000089500000, 0x0000000089500000, 0x0000000089600000|  0%| F|  |TAMS 0x0000000089500000, 0x0000000089500000| Untracked 
| 102|0x0000000089600000, 0x0000000089600000, 0x0000000089700000|  0%| F|  |TAMS 0x0000000089600000, 0x0000000089600000| Untracked 
| 103|0x0000000089700000, 0x0000000089700000, 0x0000000089800000|  0%| F|  |TAMS 0x0000000089700000, 0x0000000089700000| Untracked 
| 104|0x0000000089800000, 0x0000000089800000, 0x0000000089900000|  0%| F|  |TAMS 0x0000000089800000, 0x0000000089800000| Untracked 
| 105|0x0000000089900000, 0x0000000089900000, 0x0000000089a00000|  0%| F|  |TAMS 0x0000000089900000, 0x0000000089900000| Untracked 
| 106|0x0000000089a00000, 0x0000000089a00000, 0x0000000089b00000|  0%| F|  |TAMS 0x0000000089a00000, 0x0000000089a00000| Untracked 
| 107|0x0000000089b00000, 0x0000000089b00000, 0x0000000089c00000|  0%| F|  |TAMS 0x0000000089b00000, 0x0000000089b00000| Untracked 
| 108|0x0000000089c00000, 0x0000000089c00000, 0x0000000089d00000|  0%| F|  |TAMS 0x0000000089c00000, 0x0000000089c00000| Untracked 
| 109|0x0000000089d00000, 0x0000000089d00000, 0x0000000089e00000|  0%| F|  |TAMS 0x0000000089d00000, 0x0000000089d00000| Untracked 
| 110|0x0000000089e00000, 0x0000000089e00000, 0x0000000089f00000|  0%| F|  |TAMS 0x0000000089e00000, 0x0000000089e00000| Untracked 
| 111|0x0000000089f00000, 0x0000000089f00000, 0x000000008a000000|  0%| F|  |TAMS 0x0000000089f00000, 0x0000000089f00000| Untracked 
| 112|0x000000008a000000, 0x000000008a000000, 0x000000008a100000|  0%| F|  |TAMS 0x000000008a000000, 0x000000008a000000| Untracked 
| 113|0x000000008a100000, 0x000000008a100000, 0x000000008a200000|  0%| F|  |TAMS 0x000000008a100000, 0x000000008a100000| Untracked 
| 114|0x000000008a200000, 0x000000008a200000, 0x000000008a300000|  0%| F|  |TAMS 0x000000008a200000, 0x000000008a200000| Untracked 
| 115|0x000000008a300000, 0x000000008a300000, 0x000000008a400000|  0%| F|  |TAMS 0x000000008a300000, 0x000000008a300000| Untracked 
| 116|0x000000008a400000, 0x000000008a400000, 0x000000008a500000|  0%| F|  |TAMS 0x000000008a400000, 0x000000008a400000| Untracked 
| 117|0x000000008a500000, 0x000000008a500000, 0x000000008a600000|  0%| F|  |TAMS 0x000000008a500000, 0x000000008a500000| Untracked 
| 118|0x000000008a600000, 0x000000008a600000, 0x000000008a700000|  0%| F|  |TAMS 0x000000008a600000, 0x000000008a600000| Untracked 
| 119|0x000000008a700000, 0x000000008a700000, 0x000000008a800000|  0%| F|  |TAMS 0x000000008a700000, 0x000000008a700000| Untracked 
| 120|0x000000008a800000, 0x000000008a800000, 0x000000008a900000|  0%| F|  |TAMS 0x000000008a800000, 0x000000008a800000| Untracked 
| 121|0x000000008a900000, 0x000000008a900000, 0x000000008aa00000|  0%| F|  |TAMS 0x000000008a900000, 0x000000008a900000| Untracked 
| 122|0x000000008aa00000, 0x000000008aaf5180, 0x000000008ab00000| 95%| E|  |TAMS 0x000000008aa00000, 0x000000008aa00000| Complete 
| 123|0x000000008ab00000, 0x000000008ac00000, 0x000000008ac00000|100%| E|CS|TAMS 0x000000008ab00000, 0x000000008ab00000| Complete 
| 124|0x000000008ac00000, 0x000000008ad00000, 0x000000008ad00000|100%| E|  |TAMS 0x000000008ac00000, 0x000000008ac00000| Complete 
| 125|0x000000008ad00000, 0x000000008ae00000, 0x000000008ae00000|100%| E|CS|TAMS 0x000000008ad00000, 0x000000008ad00000| Complete 

Card table byte_map: [0x00000171556c0000,0x0000017155ab0000] _byte_map_base: 0x00000171552a8000

Marking Bits (Prev, Next): (CMBitMap*) 0x0000017140a07c50, (CMBitMap*) 0x0000017140a07c90
 Prev Bits: [0x0000017155ea0000, 0x0000017157de0000)
 Next Bits: [0x0000017157de0000, 0x0000017159d20000)

Polling page: 0x0000017140a90000

Metaspace:

Usage:
  Non-class:      4.87 MB used.
      Class:    454.81 KB used.
       Both:      5.32 MB used.

Virtual space:
  Non-class space:        8.00 MB reserved,       4.88 MB ( 61%) committed,  1 nodes.
      Class space:        1.00 GB reserved,     512.00 KB ( <1%) committed,  1 nodes.
             Both:        1.01 GB reserved,       5.38 MB ( <1%) committed. 

Chunk freelists:
   Non-Class:  2.88 MB
       Class:  3.53 MB
        Both:  6.41 MB

MaxMetaspaceSize: unlimited
CompressedClassSpaceSize: 1.00 GB
Initial GC threshold: 21.00 MB
Current GC threshold: 21.00 MB
CDS: off
MetaspaceReclaimPolicy: balanced
 - commit_granule_bytes: 65536.
 - commit_granule_words: 8192.
 - virtual_space_node_default_size: 1048576.
 - enlarge_chunks_in_place: 1.
 - new_chunks_are_fully_committed: 0.
 - uncommit_free_chunks: 1.
 - use_allocation_guard: 0.
 - handle_deallocations: 1.


Internal statistics:

num_allocs_failed_limit: 0.
num_arena_births: 4.
num_arena_deaths: 0.
num_vsnodes_births: 2.
num_vsnodes_deaths: 0.
num_space_committed: 86.
num_space_uncommitted: 0.
num_chunks_returned_to_freelist: 0.
num_chunks_taken_from_freelist: 17.
num_chunk_merges: 0.
num_chunk_splits: 6.
num_chunks_enlarged: 6.
num_purges: 0.
num_inconsistent_stats: 0.

CodeHeap 'non-profiled nmethods': size=120000Kb used=53Kb max_used=53Kb free=119946Kb
 bounds [0x000001714d320000, 0x000001714d590000, 0x0000017154850000]
CodeHeap 'profiled nmethods': size=120000Kb used=273Kb max_used=273Kb free=119726Kb
 bounds [0x0000017145df0000, 0x0000017146060000, 0x000001714d320000]
CodeHeap 'non-nmethods': size=5760Kb used=1074Kb max_used=1083Kb free=4685Kb
 bounds [0x0000017145850000, 0x0000017145ac0000, 0x0000017145df0000]
 total_blobs=546 nmethods=204 adapters=255
 compilation: enabled
              stopped_count=0, restarted_count=0
 full_count=0

Compilation events (20 events):
Event: 0.355 Thread 0x000001715d45d6f0  191       3       java.util.jar.JarFile::getEntry (35 bytes)
Event: 0.356 Thread 0x000001715d45d6f0 nmethod 191 0x0000017145e32e10 code [0x0000017145e33000, 0x0000017145e33478]
Event: 0.356 Thread 0x000001715d45d6f0  192       3       java.lang.String::replace (42 bytes)
Event: 0.357 Thread 0x000001715d45d6f0 nmethod 192 0x0000017145e33610 code [0x0000017145e337e0, 0x0000017145e33b18]
Event: 0.358 Thread 0x000001715d45cc50  193       4       java.lang.String::hashCode (60 bytes)
Event: 0.358 Thread 0x000001715d45d6f0  194       1       java.security.CodeSource::getLocationNoFragString (5 bytes)
Event: 0.358 Thread 0x000001715d45d6f0 nmethod 194 0x000001714d32b510 code [0x000001714d32b6a0, 0x000001714d32b778]
Event: 0.361 Thread 0x000001715d45d6f0  196       1       java.lang.module.ModuleDescriptor::isOpen (5 bytes)
Event: 0.361 Thread 0x000001715d45d6f0 nmethod 196 0x000001714d32b810 code [0x000001714d32b9a0, 0x000001714d32ba78]
Event: 0.362 Thread 0x000001715d45cc50 nmethod 193 0x000001714d32bb10 code [0x000001714d32bc80, 0x000001714d32be98]
Event: 0.363 Thread 0x000001715d45cc50  195       4       java.lang.StringLatin1::indexOfChar (33 bytes)
Event: 0.366 Thread 0x000001715d45cc50 nmethod 195 0x000001714d32c010 code [0x000001714d32c180, 0x000001714d32c338]
Event: 0.367 Thread 0x000001715d45d6f0  198   !   3       java.lang.ref.ReferenceQueue::poll (28 bytes)
Event: 0.367 Thread 0x000001715d45d6f0 nmethod 198 0x0000017145e33c10 code [0x0000017145e33dc0, 0x0000017145e34048]
Event: 0.370 Thread 0x000001715d45d6f0  199       3       java.lang.ref.Reference::<init> (25 bytes)
Event: 0.370 Thread 0x000001715d45d6f0 nmethod 199 0x0000017145e34190 code [0x0000017145e34340, 0x0000017145e345b8]
Event: 0.370 Thread 0x000001715d45d6f0  200       1       java.lang.Class::getClassLoader0 (5 bytes)
Event: 0.370 Thread 0x000001715d45d6f0 nmethod 200 0x000001714d32ca10 code [0x000001714d32cba0, 0x000001714d32cc78]
Event: 0.372 Thread 0x000001715d45d6f0  204       1       java.lang.Enum::ordinal (5 bytes)
Event: 0.372 Thread 0x000001715d45d6f0 nmethod 204 0x000001714d32d310 code [0x000001714d32d4a0, 0x000001714d32d578]

GC Heap History (0 events):
No events

Deoptimization events (6 events):
Event: 0.241 Thread 0x00000171409c6bb0 Uncommon trap: trap_request=0xffffff45 fr.pc=0x000001714d3212f8 relative=0x0000000000000078
Event: 0.241 Thread 0x00000171409c6bb0 Uncommon trap: reason=unstable_if action=reinterpret pc=0x000001714d3212f8 method=java.lang.String.isLatin1()Z @ 10 c2
Event: 0.241 Thread 0x00000171409c6bb0 DEOPT PACKING pc=0x000001714d3212f8 sp=0x00000035ed8febf0
Event: 0.241 Thread 0x00000171409c6bb0 DEOPT UNPACKING pc=0x00000171458a23a3 sp=0x00000035ed8feb30 mode 2
Event: 0.355 Thread 0x00000171409c6bb0 DEOPT PACKING pc=0x0000017145df9ee7 sp=0x00000035ed8f92f0
Event: 0.355 Thread 0x00000171409c6bb0 DEOPT UNPACKING pc=0x00000171458a2b43 sp=0x00000035ed8f8710 mode 0

Classes unloaded (0 events):
No events

Classes redefined (0 events):
No events

Internal exceptions (0 events):
No events

VM Operations (2 events):
Event: 0.286 Executing VM operation: HandshakeAllThreads
Event: 0.287 Executing VM operation: HandshakeAllThreads done

Events (20 events):
Event: 0.368 loading class java/lang/invoke/InvokerBytecodeGenerator
Event: 0.369 loading class java/lang/invoke/InvokerBytecodeGenerator done
Event: 0.369 loading class java/lang/invoke/InvokerBytecodeGenerator$2
Event: 0.369 loading class java/lang/invoke/InvokerBytecodeGenerator$2 done
Event: 0.369 loading class java/lang/invoke/MethodHandleImpl$Intrinsic
Event: 0.369 loading class java/lang/invoke/MethodHandleImpl$Intrinsic done
Event: 0.370 loading class java/lang/invoke/BootstrapMethodInvoker
Event: 0.370 loading class java/lang/invoke/BootstrapMethodInvoker done
Event: 0.371 loading class java/lang/invoke/VarHandle$AccessMode
Event: 0.371 loading class java/lang/invoke/VarHandle$AccessMode done
Event: 0.371 loading class java/lang/invoke/VarHandle$AccessType
Event: 0.371 loading class java/lang/invoke/VarHandle$AccessType done
Event: 0.371 loading class java/lang/invoke/Invokers$Holder
Event: 0.371 loading class java/lang/invoke/Invokers$Holder done
Event: 0.372 loading class java/lang/invoke/MethodHandleImpl$1
Event: 0.372 loading class jdk/internal/access/JavaLangInvokeAccess
Event: 0.372 loading class jdk/internal/access/JavaLangInvokeAccess done
Event: 0.372 loading class java/lang/invoke/MethodHandleImpl$1 done
Event: 0.372 loading class java/lang/invoke/InnerClassLambdaMetafactory
Event: 0.373 loading class java/lang/invoke/AbstractValidatingLambdaMetafactory


Dynamic libraries:
0x00007ff6e7e80000 - 0x00007ff6e7e8e000 	C:\Users\ashis\Downloads\eclipse-dsl-2022-03-R-win32-x86_64 (1)\eclipse\plugins\org.eclipse.justj.openjdk.hotspot.jre.full.win32.x86_64_17.0.2.v20220201-1208\jre\bin\javaw.exe
0x00007ffac8e10000 - 0x00007ffac9024000 	C:\WINDOWS\SYSTEM32\ntdll.dll
0x00007ffac7be0000 - 0x00007ffac7ca2000 	C:\WINDOWS\System32\KERNEL32.DLL
0x00007ffac6840000 - 0x00007ffac6be3000 	C:\WINDOWS\System32\KERNELBASE.dll
0x00007ffac66a0000 - 0x00007ffac67b1000 	C:\WINDOWS\System32\ucrtbase.dll
0x00007ffa77450000 - 0x00007ffa77469000 	C:\Users\ashis\Downloads\eclipse-dsl-2022-03-R-win32-x86_64 (1)\eclipse\plugins\org.eclipse.justj.openjdk.hotspot.jre.full.win32.x86_64_17.0.2.v20220201-1208\jre\bin\VCRUNTIME140.dll
0x00007ffa769b0000 - 0x00007ffa769c8000 	C:\Users\ashis\Downloads\eclipse-dsl-2022-03-R-win32-x86_64 (1)\eclipse\plugins\org.eclipse.justj.openjdk.hotspot.jre.full.win32.x86_64_17.0.2.v20220201-1208\jre\bin\jli.dll
0x00007ffac7030000 - 0x00007ffac71db000 	C:\WINDOWS\System32\USER32.dll
0x00007ffac6210000 - 0x00007ffac6236000 	C:\WINDOWS\System32\win32u.dll
0x00007ffaa5f30000 - 0x00007ffaa61be000 	C:\WINDOWS\WinSxS\amd64_microsoft.windows.common-controls_6595b64144ccf1df_6.0.22621.1635_none_270f70857386168e\COMCTL32.dll
0x00007ffac8530000 - 0x00007ffac8559000 	C:\WINDOWS\System32\GDI32.dll
0x00007ffac8ac0000 - 0x00007ffac8b67000 	C:\WINDOWS\System32\msvcrt.dll
0x00007ffac6240000 - 0x00007ffac6359000 	C:\WINDOWS\System32\gdi32full.dll
0x00007ffac6420000 - 0x00007ffac64ba000 	C:\WINDOWS\System32\msvcp_win.dll
0x00007ffac6c80000 - 0x00007ffac6cb1000 	C:\WINDOWS\System32\IMM32.DLL
0x00007ffaace00000 - 0x00007ffaace0c000 	C:\Users\ashis\Downloads\eclipse-dsl-2022-03-R-win32-x86_64 (1)\eclipse\plugins\org.eclipse.justj.openjdk.hotspot.jre.full.win32.x86_64_17.0.2.v20220201-1208\jre\bin\vcruntime140_1.dll
0x00007ffa71940000 - 0x00007ffa719d1000 	C:\Users\ashis\Downloads\eclipse-dsl-2022-03-R-win32-x86_64 (1)\eclipse\plugins\org.eclipse.justj.openjdk.hotspot.jre.full.win32.x86_64_17.0.2.v20220201-1208\jre\bin\msvcp140.dll
0x00007ffa69800000 - 0x00007ffa6a447000 	C:\Users\ashis\Downloads\eclipse-dsl-2022-03-R-win32-x86_64 (1)\eclipse\plugins\org.eclipse.justj.openjdk.hotspot.jre.full.win32.x86_64_17.0.2.v20220201-1208\jre\bin\server\jvm.dll
0x00007ffac6ed0000 - 0x00007ffac6f7e000 	C:\WINDOWS\System32\ADVAPI32.dll
0x00007ffac80d0000 - 0x00007ffac8174000 	C:\WINDOWS\System32\sechost.dll
0x00007ffac71e0000 - 0x00007ffac72f7000 	C:\WINDOWS\System32\RPCRT4.dll
0x00007ffac8520000 - 0x00007ffac8528000 	C:\WINDOWS\System32\PSAPI.DLL
0x00007ffac17b0000 - 0x00007ffac17b9000 	C:\WINDOWS\SYSTEM32\WSOCK32.dll
0x00007ffabfa90000 - 0x00007ffabfac4000 	C:\WINDOWS\SYSTEM32\WINMM.dll
0x00007ffac8b70000 - 0x00007ffac8be1000 	C:\WINDOWS\System32\WS2_32.dll
0x00007ffabf890000 - 0x00007ffabf89a000 	C:\WINDOWS\SYSTEM32\VERSION.dll
0x00007ffac5350000 - 0x00007ffac5368000 	C:\WINDOWS\SYSTEM32\kernel.appcore.dll
0x00007ffac0a60000 - 0x00007ffac0a6a000 	C:\Users\ashis\Downloads\eclipse-dsl-2022-03-R-win32-x86_64 (1)\eclipse\plugins\org.eclipse.justj.openjdk.hotspot.jre.full.win32.x86_64_17.0.2.v20220201-1208\jre\bin\jimage.dll
0x00007ffac3980000 - 0x00007ffac3bae000 	C:\WINDOWS\SYSTEM32\DBGHELP.DLL
0x00007ffac8190000 - 0x00007ffac8519000 	C:\WINDOWS\System32\combase.dll
0x00007ffac7300000 - 0x00007ffac73d7000 	C:\WINDOWS\System32\OLEAUT32.dll
0x00007ffaa07e0000 - 0x00007ffaa0812000 	C:\WINDOWS\SYSTEM32\dbgcore.DLL
0x00007ffac67c0000 - 0x00007ffac683b000 	C:\WINDOWS\System32\bcryptPrimitives.dll
0x00007ffaace10000 - 0x00007ffaace35000 	C:\Users\ashis\Downloads\eclipse-dsl-2022-03-R-win32-x86_64 (1)\eclipse\plugins\org.eclipse.justj.openjdk.hotspot.jre.full.win32.x86_64_17.0.2.v20220201-1208\jre\bin\java.dll
0x00007ffac0a40000 - 0x00007ffac0a58000 	C:\Users\ashis\Downloads\eclipse-dsl-2022-03-R-win32-x86_64 (1)\eclipse\plugins\org.eclipse.justj.openjdk.hotspot.jre.full.win32.x86_64_17.0.2.v20220201-1208\jre\bin\zip.dll
0x00007ffac73e0000 - 0x00007ffac7bda000 	C:\WINDOWS\System32\SHELL32.dll
0x00007ffac4220000 - 0x00007ffac4aee000 	C:\WINDOWS\SYSTEM32\windows.storage.dll
0x00007ffac40e0000 - 0x00007ffac421e000 	C:\WINDOWS\SYSTEM32\wintypes.dll
0x00007ffac7ea0000 - 0x00007ffac7f91000 	C:\WINDOWS\System32\SHCORE.dll
0x00007ffac6e70000 - 0x00007ffac6ece000 	C:\WINDOWS\System32\shlwapi.dll
0x00007ffac6140000 - 0x00007ffac6161000 	C:\WINDOWS\SYSTEM32\profapi.dll
0x00007ffaad4b0000 - 0x00007ffaad4c9000 	C:\Users\ashis\Downloads\eclipse-dsl-2022-03-R-win32-x86_64 (1)\eclipse\plugins\org.eclipse.justj.openjdk.hotspot.jre.full.win32.x86_64_17.0.2.v20220201-1208\jre\bin\net.dll
0x00007ffabf8a0000 - 0x00007ffabf9d7000 	C:\WINDOWS\SYSTEM32\WINHTTP.dll
0x00007ffac57c0000 - 0x00007ffac5829000 	C:\WINDOWS\system32\mswsock.dll
0x00007ffaad3b0000 - 0x00007ffaad3c5000 	C:\Users\ashis\Downloads\eclipse-dsl-2022-03-R-win32-x86_64 (1)\eclipse\plugins\org.eclipse.justj.openjdk.hotspot.jre.full.win32.x86_64_17.0.2.v20220201-1208\jre\bin\nio.dll

dbghelp: loaded successfully - version: 4.0.5 - missing functions: none
symbol engine: initialized successfully - sym options: 0x614 - pdb path: .;C:\Users\ashis\Downloads\eclipse-dsl-2022-03-R-win32-x86_64 (1)\eclipse\plugins\org.eclipse.justj.openjdk.hotspot.jre.full.win32.x86_64_17.0.2.v20220201-1208\jre\bin;C:\WINDOWS\SYSTEM32;C:\WINDOWS\WinSxS\amd64_microsoft.windows.common-controls_6595b64144ccf1df_6.0.22621.1635_none_270f70857386168e;C:\Users\ashis\Downloads\eclipse-dsl-2022-03-R-win32-x86_64 (1)\eclipse\plugins\org.eclipse.justj.openjdk.hotspot.jre.full.win32.x86_64_17.0.2.v20220201-1208\jre\bin\server

VM Arguments:
jvm_args: -Dfile.encoding=windows-1252 -XX:+ShowCodeDetailsInExceptionMessages 
java_command: Basics.LaunchChromeBrowser
java_class_path (initial): D:\programming\New Eclipse Workspace\NewSelenium\bin;C:\Users\ashis\Downloads\selenium-java-4.10.0\selenium-api-4.10.0.jar;C:\Users\ashis\Downloads\selenium-java-4.10.0\selenium-api-4.10.0-sources.jar;C:\Users\ashis\Downloads\selenium-java-4.10.0\selenium-chrome-driver-4.10.0.jar;C:\Users\ashis\Downloads\selenium-java-4.10.0\selenium-chrome-driver-4.10.0-sources.jar;C:\Users\ashis\Downloads\selenium-java-4.10.0\selenium-chromium-driver-4.10.0.jar;C:\Users\ashis\Downloads\selenium-java-4.10.0\selenium-chromium-driver-4.10.0-sources.jar;C:\Users\ashis\Downloads\selenium-java-4.10.0\selenium-devtools-v85-4.10.0.jar;C:\Users\ashis\Downloads\selenium-java-4.10.0\selenium-devtools-v85-4.10.0-sources.jar;C:\Users\ashis\Downloads\selenium-java-4.10.0\selenium-devtools-v112-4.10.0.jar;C:\Users\ashis\Downloads\selenium-java-4.10.0\selenium-devtools-v112-4.10.0-sources.jar;C:\Users\ashis\Downloads\selenium-java-4.10.0\selenium-devtools-v113-4.10.0.jar;C:\Users\ashis\Downloads\selenium-java-4.10.0\selenium-devtools-v113-4.10.0-sources.jar;C:\Users\ashis\Downloads\selenium-java-4.10.0\selenium-devtools-v114-4.10.0.jar;C:\Users\ashis\Downloads\selenium-java-4.10.0\selenium-devtools-v114-4.10.0-sources.jar;C:\Users\ashis\Downloads\selenium-java-4.10.0\selenium-edge-driver-4.10.0.jar;C:\Users\ashis\Downloads\selenium-java-4.10.0\selenium-edge-driver-4.10.0-sources.jar;C:\Users\ashis\Downloads\selenium-java-4.10.0\selenium-firefox-driver-4.10.0.jar;C:\Users\ashis\Downloads\selenium-java-4.10.0\selenium-firefox-driver-4.10.0-sources.jar;C:\Users\ashis\Downloads\selenium-java-4.10.0\selenium-http-4.10.0.jar;C:\Users\ashis\Downloads\selenium-java-4.10.0\selenium-http-4.10.0-sources.jar;C:\Users\ashis\Downloads\selenium-java-4.10.0\selenium-ie-driver-4.10.0.jar;C:\Users\ashis\Downloads\selenium-java-4.10.0\selenium-ie-driver-4.10.0-sources.jar;C:\Users\ashis\Downloads\selenium-java-4.10.0\selenium-java-4.10.0.jar;C:\Users\ashis\Downloads\selenium-java-4.10.0
Launcher Type: SUN_STANDARD

[Global flags]
     intx CICompilerCount                          = 4                                         {product} {ergonomic}
     uint ConcGCThreads                            = 2                                         {product} {ergonomic}
     uint G1ConcRefinementThreads                  = 8                                         {product} {ergonomic}
   size_t G1HeapRegionSize                         = 1048576                                   {product} {ergonomic}
    uintx GCDrainStackTargetSize                   = 64                                        {product} {ergonomic}
   size_t InitialHeapSize                          = 132120576                                 {product} {ergonomic}
   size_t MarkStackSize                            = 4194304                                   {product} {ergonomic}
   size_t MaxHeapSize                              = 2097152000                                {product} {ergonomic}
   size_t MaxNewSize                               = 1258291200                                {product} {ergonomic}
   size_t MinHeapDeltaBytes                        = 1048576                                   {product} {ergonomic}
   size_t MinHeapSize                              = 8388608                                   {product} {ergonomic}
    uintx NonNMethodCodeHeapSize                   = 5839372                                {pd product} {ergonomic}
    uintx NonProfiledCodeHeapSize                  = 122909434                              {pd product} {ergonomic}
    uintx ProfiledCodeHeapSize                     = 122909434                              {pd product} {ergonomic}
    uintx ReservedCodeCacheSize                    = 251658240                              {pd product} {ergonomic}
     bool SegmentedCodeCache                       = true                                      {product} {ergonomic}
     bool ShowCodeDetailsInExceptionMessages       = true                                   {manageable} {command line}
   size_t SoftMaxHeapSize                          = 2097152000                             {manageable} {ergonomic}
     bool UseCompressedClassPointers               = true                           {product lp64_product} {ergonomic}
     bool UseCompressedOops                        = true                           {product lp64_product} {ergonomic}
     bool UseG1GC                                  = true                                      {product} {ergonomic}
     bool UseLargePagesIndividualAllocation        = false                                  {pd product} {ergonomic}

Logging:
Log output configuration:
 #0: stdout all=warning uptime,level,tags
 #1: stderr all=off uptime,level,tags

Environment Variables:
PATH=C:/Users/ashis/Downloads/eclipse-dsl-2022-03-R-win32-x86_64 (1)/eclipse//plugins/org.eclipse.justj.openjdk.hotspot.jre.full.win32.x86_64_17.0.2.v20220201-1208/jre/bin/server;C:/Users/ashis/Downloads/eclipse-dsl-2022-03-R-win32-x86_64 (1)/eclipse//plugins/org.eclipse.justj.openjdk.hotspot.jre.full.win32.x86_64_17.0.2.v20220201-1208/jre/bin;C:\Program Files\Common Files\Oracle\Java\javapath;C:\windows\system32;C:\windows;C:\windows\System32\Wbem;C:\windows\System32\WindowsPowerShell\v1.0\;C:\windows\System32\OpenSSH\;C:\Program Files (x86)\NVIDIA Corporation\PhysX\Common;C:\Program Files\NVIDIA Corporation\NVIDIA NvDLISR;C:\WINDOWS\system32;C:\WINDOWS;C:\WINDOWS\System32\Wbem;C:\WINDOWS\System32\WindowsPowerShell\v1.0\;C:\WINDOWS\System32\OpenSSH\;C:\Program Files\Microsoft SQL Server\Client SDK\ODBC\170\Tools\Binn\;C:\Program Files (x86)\Microsoft SQL Server\150\Tools\Binn\;C:\Program Files\Microsoft SQL Server\150\Tools\Binn\;C:\Program Files\Microsoft SQL Server\150\DTS\Binn\;C:\Program Files (x86)\Microsoft SQL Server\160\DTS\Binn\;C:\Program Files\Azure Data Studio\bin;C:\Program Files\Git\cmd;C:\Users\ashis\AppData\Local\Microsoft\WindowsApps;C:\Program Files\Java\jdk-11.0.15.1\bin;C:\Program Files\Azure Data Studio\bin;C:\Users\ashis\AppData\Local\GitHubDesktop\bin;;C:\Users\ashis\Downloads\eclipse-dsl-2022-03-R-win32-x86_64 (1)\eclipse;
USERNAME=ashis
OS=Windows_NT
PROCESSOR_IDENTIFIER=Intel64 Family 6 Model 142 Stepping 12, GenuineIntel



---------------  S Y S T E M  ---------------

OS:
 Windows 11 , 64 bit Build 22621 (10.0.22621.1778)
OS uptime: 2 days 16:15 hours

CPU: total 8 (initial active 8) (4 cores per cpu, 2 threads per core) family 6 model 142 stepping 12 microcode 0xf0, cx8, cmov, fxsr, ht, mmx, 3dnowpref, sse, sse2, sse3, ssse3, sse4.1, sse4.2, popcnt, lzcnt, tsc, tscinvbit, avx, avx2, aes, erms, clmul, bmi1, bmi2, adx, fma, vzeroupper, clflush, clflushopt

Memory: 4k page, system-wide physical 7995M (1165M free)
TotalPageFile size 12074M (AvailPageFile size 4M)
current process WorkingSet (physical memory assigned to process): 36M, peak: 36M
current process commit charge ("private bytes"): 203M, peak: 203M

vm_info: OpenJDK 64-Bit Server VM (17.0.2+8) for windows-amd64 JRE (17.0.2+8), built on Jan 20 2022 04:52:34 by "" with MS VC++ 16.7 (VS2019)

END.
