#
# There is insufficient memory for the Java Runtime Environment to continue.
# Native memory allocation (mmap) failed to map 2064384 bytes for G1 virtual space
# Possible reasons:
#   The system is out of physical RAM or swap space
#   The process is running with CompressedOops enabled, and the Java Heap may be blocking the growth of the native heap
# Possible solutions:
#   Reduce memory load on the system
#   Increase physical memory or swap space
#   Check if swap backing store is full
#   Decrease Java heap size (-Xmx/-Xms)
#   Decrease number of Java threads
#   Decrease Java thread stack sizes (-Xss)
#   Set larger code cache with -XX:ReservedCodeCacheSize=
#   JVM is running with Unscaled Compressed Oops mode in which the Java heap is
#     placed in the first 4GB address space. The Java Heap base address is the
#     maximum limit for the native heap growth. Please use -XX:HeapBaseMinAddress
#     to set the Java Heap base and to place the Java Heap above 4GB virtual address.
# This output file may be truncated or incomplete.
#
#  Out of Memory Error (os_windows.cpp:3532), pid=12592, tid=4360
#
# JRE version:  (17.0.2+8) (build )
# Java VM: OpenJDK 64-Bit Server VM (17.0.2+8, mixed mode, sharing, tiered, compressed oops, compressed class ptrs, g1 gc, windows-amd64)
# No core dump will be written. Minidumps are not enabled by default on client versions of Windows
#

---------------  S U M M A R Y ------------

Command Line: -Dfile.encoding=windows-1252 -XX:+ShowCodeDetailsInExceptionMessages Basics.LaunchChromeBrowser

Host: Intel(R) Core(TM) i5-10210U CPU @ 1.60GHz, 8 cores, 7G,  Windows 11 , 64 bit Build 22621 (10.0.22621.1778)
Time: Sat Jun 10 01:32:11 2023 India Standard Time elapsed time: 0.176675 seconds (0d 0h 0m 0s)

---------------  T H R E A D  ---------------

Current thread (0x0000028f8f586a40):  JavaThread "Unknown thread" [_thread_in_vm, id=4360, stack(0x000000ad38c00000,0x000000ad38d00000)]

Stack: [0x000000ad38c00000,0x000000ad38d00000]
Native frames: (J=compiled Java code, j=interpreted, Vv=VM code, C=native code)
V  [jvm.dll+0x67564a]
V  [jvm.dll+0x82fc04]
V  [jvm.dll+0x8313ae]
V  [jvm.dll+0x831a13]
V  [jvm.dll+0x245235]
V  [jvm.dll+0x672539]
V  [jvm.dll+0x666e82]
V  [jvm.dll+0x30401b]
V  [jvm.dll+0x30b566]
V  [jvm.dll+0x35b213]
V  [jvm.dll+0x35b42f]
V  [jvm.dll+0x2daf58]
V  [jvm.dll+0x2dbec4]
V  [jvm.dll+0x801881]
V  [jvm.dll+0x368f81]
V  [jvm.dll+0x7e0cdc]
V  [jvm.dll+0x3eb8bf]
V  [jvm.dll+0x3ed441]
C  [jli.dll+0x5277]
C  [ucrtbase.dll+0x29363]
C  [KERNEL32.DLL+0x126ad]
C  [ntdll.dll+0x5a9f8]


---------------  P R O C E S S  ---------------

Threads class SMR info:
_java_thread_list=0x00007ffa6a315e98, length=0, elements={
}

Java Threads: ( => current thread )

Other Threads:
  0x0000028f8f5c6cb0 GCTaskThread "GC Thread#0" [stack: 0x000000ad38d00000,0x000000ad38e00000] [id=12876]
  0x0000028f8f5d7f60 ConcurrentGCThread "G1 Main Marker" [stack: 0x000000ad38e00000,0x000000ad38f00000] [id=7216]
  0x0000028f8f5d9980 ConcurrentGCThread "G1 Conc#0" [stack: 0x000000ad38f00000,0x000000ad39000000] [id=9888]

[error occurred during error reporting (printing all threads), id 0xc0000005, EXCEPTION_ACCESS_VIOLATION (0xc0000005) at pc=0x00007ffa69aeb9d7]

VM state: not at safepoint (not fully initialized)

VM Mutex/Monitor currently owned by a thread:  ([mutex/lock_event])
[0x0000028f8f583fd0] Heap_lock - owner thread: 0x0000028f8f586a40

Heap address: 0x0000000083000000, size: 2000 MB, Compressed Oops mode: 32-bit

CDS archive(s) mapped at: [0x0000000000000000-0x0000000000000000-0x0000000000000000), size 0, SharedBaseAddress: 0x0000000800000000, ArchiveRelocationMode: 0.
Narrow klass base: 0x0000000000000000, Narrow klass shift: 0, Narrow klass range: 0x0

GC Precious Log:
<Empty>

Heap:
 garbage-first heap   total 0K, used 0K [0x0000000083000000, 0x0000000100000000)
  region size 1024K, 0 young (0K), 0 survivors (0K)

[error occurred during error reporting (printing heap information), id 0xc0000005, EXCEPTION_ACCESS_VIOLATION (0xc0000005) at pc=0x00007ffa69ece899]

GC Heap History (0 events):
No events

Deoptimization events (0 events):
No events

Classes unloaded (0 events):
No events

Classes redefined (0 events):
No events

Internal exceptions (0 events):
No events

VM Operations (0 events):
No events

Events (1 events):
Event: 0.013 Loaded shared library C:\Users\ashis\Downloads\eclipse-dsl-2022-03-R-win32-x86_64 (1)\eclipse\plugins\org.eclipse.justj.openjdk.hotspot.jre.full.win32.x86_64_17.0.2.v20220201-1208\jre\bin\java.dll


Dynamic libraries:
0x00007ff6e7e80000 - 0x00007ff6e7e8e000 	C:\Users\ashis\Downloads\eclipse-dsl-2022-03-R-win32-x86_64 (1)\eclipse\plugins\org.eclipse.justj.openjdk.hotspot.jre.full.win32.x86_64_17.0.2.v20220201-1208\jre\bin\javaw.exe
0x00007ffac8e10000 - 0x00007ffac9024000 	C:\WINDOWS\SYSTEM32\ntdll.dll
0x00007ffac7be0000 - 0x00007ffac7ca2000 	C:\WINDOWS\System32\KERNEL32.DLL
0x00007ffac6840000 - 0x00007ffac6be3000 	C:\WINDOWS\System32\KERNELBASE.dll
0x00007ffac66a0000 - 0x00007ffac67b1000 	C:\WINDOWS\System32\ucrtbase.dll
0x00007ffa77450000 - 0x00007ffa77469000 	C:\Users\ashis\Downloads\eclipse-dsl-2022-03-R-win32-x86_64 (1)\eclipse\plugins\org.eclipse.justj.openjdk.hotspot.jre.full.win32.x86_64_17.0.2.v20220201-1208\jre\bin\VCRUNTIME140.dll
0x00007ffa769b0000 - 0x00007ffa769c8000 	C:\Users\ashis\Downloads\eclipse-dsl-2022-03-R-win32-x86_64 (1)\eclipse\plugins\org.eclipse.justj.openjdk.hotspot.jre.full.win32.x86_64_17.0.2.v20220201-1208\jre\bin\jli.dll
0x00007ffac7030000 - 0x00007ffac71db000 	C:\WINDOWS\System32\USER32.dll
0x00007ffac6210000 - 0x00007ffac6236000 	C:\WINDOWS\System32\win32u.dll
0x00007ffaa5f30000 - 0x00007ffaa61be000 	C:\WINDOWS\WinSxS\amd64_microsoft.windows.common-controls_6595b64144ccf1df_6.0.22621.1635_none_270f70857386168e\COMCTL32.dll
0x00007ffac8530000 - 0x00007ffac8559000 	C:\WINDOWS\System32\GDI32.dll
0x00007ffac8ac0000 - 0x00007ffac8b67000 	C:\WINDOWS\System32\msvcrt.dll
0x00007ffac6240000 - 0x00007ffac6359000 	C:\WINDOWS\System32\gdi32full.dll
0x00007ffac6420000 - 0x00007ffac64ba000 	C:\WINDOWS\System32\msvcp_win.dll
0x00007ffac6c80000 - 0x00007ffac6cb1000 	C:\WINDOWS\System32\IMM32.DLL
0x00007ffaabb00000 - 0x00007ffaabb0c000 	C:\Users\ashis\Downloads\eclipse-dsl-2022-03-R-win32-x86_64 (1)\eclipse\plugins\org.eclipse.justj.openjdk.hotspot.jre.full.win32.x86_64_17.0.2.v20220201-1208\jre\bin\vcruntime140_1.dll
0x00007ffa71940000 - 0x00007ffa719d1000 	C:\Users\ashis\Downloads\eclipse-dsl-2022-03-R-win32-x86_64 (1)\eclipse\plugins\org.eclipse.justj.openjdk.hotspot.jre.full.win32.x86_64_17.0.2.v20220201-1208\jre\bin\msvcp140.dll
0x00007ffa69800000 - 0x00007ffa6a447000 	C:\Users\ashis\Downloads\eclipse-dsl-2022-03-R-win32-x86_64 (1)\eclipse\plugins\org.eclipse.justj.openjdk.hotspot.jre.full.win32.x86_64_17.0.2.v20220201-1208\jre\bin\server\jvm.dll
0x00007ffac6ed0000 - 0x00007ffac6f7e000 	C:\WINDOWS\System32\ADVAPI32.dll
0x00007ffac80d0000 - 0x00007ffac8174000 	C:\WINDOWS\System32\sechost.dll
0x00007ffac71e0000 - 0x00007ffac72f7000 	C:\WINDOWS\System32\RPCRT4.dll
0x00007ffac8520000 - 0x00007ffac8528000 	C:\WINDOWS\System32\PSAPI.DLL
0x00007ffac17b0000 - 0x00007ffac17b9000 	C:\WINDOWS\SYSTEM32\WSOCK32.dll
0x00007ffac8b70000 - 0x00007ffac8be1000 	C:\WINDOWS\System32\WS2_32.dll
0x00007ffabf890000 - 0x00007ffabf89a000 	C:\WINDOWS\SYSTEM32\VERSION.dll
0x00007ffabfa90000 - 0x00007ffabfac4000 	C:\WINDOWS\SYSTEM32\WINMM.dll
0x00007ffac5350000 - 0x00007ffac5368000 	C:\WINDOWS\SYSTEM32\kernel.appcore.dll
0x00007ffac0a60000 - 0x00007ffac0a6a000 	C:\Users\ashis\Downloads\eclipse-dsl-2022-03-R-win32-x86_64 (1)\eclipse\plugins\org.eclipse.justj.openjdk.hotspot.jre.full.win32.x86_64_17.0.2.v20220201-1208\jre\bin\jimage.dll
0x00007ffac3980000 - 0x00007ffac3bae000 	C:\WINDOWS\SYSTEM32\DBGHELP.DLL
0x00007ffac8190000 - 0x00007ffac8519000 	C:\WINDOWS\System32\combase.dll
0x00007ffac7300000 - 0x00007ffac73d7000 	C:\WINDOWS\System32\OLEAUT32.dll
0x00007ffaa07e0000 - 0x00007ffaa0812000 	C:\WINDOWS\SYSTEM32\dbgcore.DLL
0x00007ffac67c0000 - 0x00007ffac683b000 	C:\WINDOWS\System32\bcryptPrimitives.dll
0x00007ffaace10000 - 0x00007ffaace35000 	C:\Users\ashis\Downloads\eclipse-dsl-2022-03-R-win32-x86_64 (1)\eclipse\plugins\org.eclipse.justj.openjdk.hotspot.jre.full.win32.x86_64_17.0.2.v20220201-1208\jre\bin\java.dll

dbghelp: loaded successfully - version: 4.0.5 - missing functions: none
symbol engine: initialized successfully - sym options: 0x614 - pdb path: .;C:\Users\ashis\Downloads\eclipse-dsl-2022-03-R-win32-x86_64 (1)\eclipse\plugins\org.eclipse.justj.openjdk.hotspot.jre.full.win32.x86_64_17.0.2.v20220201-1208\jre\bin;C:\WINDOWS\SYSTEM32;C:\WINDOWS\WinSxS\amd64_microsoft.windows.common-controls_6595b64144ccf1df_6.0.22621.1635_none_270f70857386168e;C:\Users\ashis\Downloads\eclipse-dsl-2022-03-R-win32-x86_64 (1)\eclipse\plugins\org.eclipse.justj.openjdk.hotspot.jre.full.win32.x86_64_17.0.2.v20220201-1208\jre\bin\server

VM Arguments:
jvm_args: -Dfile.encoding=windows-1252 -XX:+ShowCodeDetailsInExceptionMessages 
java_command: Basics.LaunchChromeBrowser
java_class_path (initial): D:\programming\New Eclipse Workspace\NewSelenium\bin;C:\Users\ashis\Downloads\selenium-java-4.10.0\selenium-api-4.10.0.jar;C:\Users\ashis\Downloads\selenium-java-4.10.0\selenium-api-4.10.0-sources.jar;C:\Users\ashis\Downloads\selenium-java-4.10.0\selenium-chrome-driver-4.10.0.jar;C:\Users\ashis\Downloads\selenium-java-4.10.0\selenium-chrome-driver-4.10.0-sources.jar;C:\Users\ashis\Downloads\selenium-java-4.10.0\selenium-chromium-driver-4.10.0.jar;C:\Users\ashis\Downloads\selenium-java-4.10.0\selenium-chromium-driver-4.10.0-sources.jar;C:\Users\ashis\Downloads\selenium-java-4.10.0\selenium-devtools-v85-4.10.0.jar;C:\Users\ashis\Downloads\selenium-java-4.10.0\selenium-devtools-v85-4.10.0-sources.jar;C:\Users\ashis\Downloads\selenium-java-4.10.0\selenium-devtools-v112-4.10.0.jar;C:\Users\ashis\Downloads\selenium-java-4.10.0\selenium-devtools-v112-4.10.0-sources.jar;C:\Users\ashis\Downloads\selenium-java-4.10.0\selenium-devtools-v113-4.10.0.jar;C:\Users\ashis\Downloads\selenium-java-4.10.0\selenium-devtools-v113-4.10.0-sources.jar;C:\Users\ashis\Downloads\selenium-java-4.10.0\selenium-devtools-v114-4.10.0.jar;C:\Users\ashis\Downloads\selenium-java-4.10.0\selenium-devtools-v114-4.10.0-sources.jar;C:\Users\ashis\Downloads\selenium-java-4.10.0\selenium-edge-driver-4.10.0.jar;C:\Users\ashis\Downloads\selenium-java-4.10.0\selenium-edge-driver-4.10.0-sources.jar;C:\Users\ashis\Downloads\selenium-java-4.10.0\selenium-firefox-driver-4.10.0.jar;C:\Users\ashis\Downloads\selenium-java-4.10.0\selenium-firefox-driver-4.10.0-sources.jar;C:\Users\ashis\Downloads\selenium-java-4.10.0\selenium-http-4.10.0.jar;C:\Users\ashis\Downloads\selenium-java-4.10.0\selenium-http-4.10.0-sources.jar;C:\Users\ashis\Downloads\selenium-java-4.10.0\selenium-ie-driver-4.10.0.jar;C:\Users\ashis\Downloads\selenium-java-4.10.0\selenium-ie-driver-4.10.0-sources.jar;C:\Users\ashis\Downloads\selenium-java-4.10.0\selenium-java-4.10.0.jar;C:\Users\ashis\Downloads\selenium-java-4.10.0
Launcher Type: SUN_STANDARD

[Global flags]
     intx CICompilerCount                          = 4                                         {product} {ergonomic}
     uint ConcGCThreads                            = 2                                         {product} {ergonomic}
     uint G1ConcRefinementThreads                  = 8                                         {product} {ergonomic}
   size_t G1HeapRegionSize                         = 1048576                                   {product} {ergonomic}
    uintx GCDrainStackTargetSize                   = 64                                        {product} {ergonomic}
   size_t InitialHeapSize                          = 132120576                                 {product} {ergonomic}
   size_t MarkStackSize                            = 4194304                                   {product} {ergonomic}
   size_t MaxHeapSize                              = 2097152000                                {product} {ergonomic}
   size_t MinHeapDeltaBytes                        = 1048576                                   {product} {ergonomic}
   size_t MinHeapSize                              = 8388608                                   {product} {ergonomic}
    uintx NonNMethodCodeHeapSize                   = 5839372                                {pd product} {ergonomic}
    uintx NonProfiledCodeHeapSize                  = 122909434                              {pd product} {ergonomic}
    uintx ProfiledCodeHeapSize                     = 122909434                              {pd product} {ergonomic}
    uintx ReservedCodeCacheSize                    = 251658240                              {pd product} {ergonomic}
     bool SegmentedCodeCache                       = true                                      {product} {ergonomic}
     bool ShowCodeDetailsInExceptionMessages       = true                                   {manageable} {command line}
   size_t SoftMaxHeapSize                          = 2097152000                             {manageable} {ergonomic}
     bool UseCompressedClassPointers               = true                           {product lp64_product} {ergonomic}
     bool UseCompressedOops                        = true                           {product lp64_product} {ergonomic}
     bool UseG1GC                                  = true                                      {product} {ergonomic}
     bool UseLargePagesIndividualAllocation        = false                                  {pd product} {ergonomic}

Logging:
Log output configuration:
 #0: stdout all=warning uptime,level,tags
 #1: stderr all=off uptime,level,tags

Environment Variables:
PATH=C:/Users/ashis/Downloads/eclipse-dsl-2022-03-R-win32-x86_64 (1)/eclipse//plugins/org.eclipse.justj.openjdk.hotspot.jre.full.win32.x86_64_17.0.2.v20220201-1208/jre/bin/server;C:/Users/ashis/Downloads/eclipse-dsl-2022-03-R-win32-x86_64 (1)/eclipse//plugins/org.eclipse.justj.openjdk.hotspot.jre.full.win32.x86_64_17.0.2.v20220201-1208/jre/bin;C:\Program Files\Common Files\Oracle\Java\javapath;C:\windows\system32;C:\windows;C:\windows\System32\Wbem;C:\windows\System32\WindowsPowerShell\v1.0\;C:\windows\System32\OpenSSH\;C:\Program Files (x86)\NVIDIA Corporation\PhysX\Common;C:\Program Files\NVIDIA Corporation\NVIDIA NvDLISR;C:\WINDOWS\system32;C:\WINDOWS;C:\WINDOWS\System32\Wbem;C:\WINDOWS\System32\WindowsPowerShell\v1.0\;C:\WINDOWS\System32\OpenSSH\;C:\Program Files\Microsoft SQL Server\Client SDK\ODBC\170\Tools\Binn\;C:\Program Files (x86)\Microsoft SQL Server\150\Tools\Binn\;C:\Program Files\Microsoft SQL Server\150\Tools\Binn\;C:\Program Files\Microsoft SQL Server\150\DTS\Binn\;C:\Program Files (x86)\Microsoft SQL Server\160\DTS\Binn\;C:\Program Files\Azure Data Studio\bin;C:\Program Files\Git\cmd;C:\Users\ashis\AppData\Local\Microsoft\WindowsApps;C:\Program Files\Java\jdk-11.0.15.1\bin;C:\Program Files\Azure Data Studio\bin;C:\Users\ashis\AppData\Local\GitHubDesktop\bin;;C:\Users\ashis\Downloads\eclipse-dsl-2022-03-R-win32-x86_64 (1)\eclipse;
USERNAME=ashis
OS=Windows_NT
PROCESSOR_IDENTIFIER=Intel64 Family 6 Model 142 Stepping 12, GenuineIntel



---------------  S Y S T E M  ---------------

OS:
 Windows 11 , 64 bit Build 22621 (10.0.22621.1778)
OS uptime: 2 days 16:14 hours

CPU: total 8 (initial active 8) (4 cores per cpu, 2 threads per core) family 6 model 142 stepping 12 microcode 0xf0, cx8, cmov, fxsr, ht, mmx, 3dnowpref, sse, sse2, sse3, ssse3, sse4.1, sse4.2, popcnt, lzcnt, tsc, tscinvbit, avx, avx2, aes, erms, clmul, bmi1, bmi2, adx, fma, vzeroupper, clflush, clflushopt

Memory: 4k page, system-wide physical 7995M (1146M free)
TotalPageFile size 12074M (AvailPageFile size 7M)
current process WorkingSet (physical memory assigned to process): 11M, peak: 11M
current process commit charge ("private bytes"): 186M, peak: 188M

vm_info: OpenJDK 64-Bit Server VM (17.0.2+8) for windows-amd64 JRE (17.0.2+8), built on Jan 20 2022 04:52:34 by "" with MS VC++ 16.7 (VS2019)

END.
